2018-12-29 03:34:26 : /usr/share/php/puzzle/ipz_menus.php:107:select pa_id from pages where pa_filename = 'mkmain.php' : 
2018-12-29 03:34:26 : LG : fr
2018-12-29 03:34:29 : /usr/share/php/puzzle/ipz_menus.php:378:select m.pa_id, m.me_level, d.di_fr_short from menus m, dictionary d where m.di_name=d.di_name and m.me_level='1' order by m.me_id : 
2018-12-29 03:34:29 : LG : fr
2018-12-29 03:34:29 : /usr/share/php/puzzle/ipz_menus.php:618:select d.di_name, p.pa_filename, m.me_charset, d.di_fr_short, d.di_fr_long from  pages p, menus m, dictionary d where m.di_name=d.di_name and p.di_name=m.di_name and p.pa_id=17 : 
2018-12-29 03:34:29 : /usr/share/php/puzzle/ipz_menus.php:632 : Array
(
    [di_name] => home
    [pa_filename] => mkmain.php
    [me_charset] => utf8
    [di_fr_short] => Accueil
    [di_fr_long] => Page d'accueil
)

2018-12-29 03:42:21 : /usr/share/php/puzzle/ipz_menus.php:378:select m.pa_id, m.me_level, d.di_fr_short from menus m, dictionary d where m.di_name=d.di_name and m.me_level='1' order by m.me_id : 
2018-12-29 03:42:21 : LG : fr
2018-12-29 03:42:21 : /usr/share/php/puzzle/ipz_menus.php:618:select d.di_name, p.pa_filename, m.me_charset, d.di_fr_short, d.di_fr_long from  pages p, menus m, dictionary d where m.di_name=d.di_name and p.di_name=m.di_name and p.pa_id=29 : 
2018-12-29 03:42:21 : /usr/share/php/puzzle/ipz_menus.php:632 : Array
(
    [di_name] => mkscript
    [pa_filename] => mkscript.php
    [me_charset] => utf8
    [di_fr_short] => Créer un script
    [di_fr_long] => Créer un script à partir d'une table
)

2018-12-29 03:42:36 : /usr/share/php/puzzle/ipz_menus.php:378:select m.pa_id, m.me_level, d.di_fr_short from menus m, dictionary d where m.di_name=d.di_name and m.me_level='1' order by m.me_id : 
2018-12-29 03:42:36 : LG : fr
2018-12-29 03:42:36 : /usr/share/php/puzzle/ipz_menus.php:618:select d.di_name, p.pa_filename, m.me_charset, d.di_fr_short, d.di_fr_long from  pages p, menus m, dictionary d where m.di_name=d.di_name and p.di_name=m.di_name and p.pa_id=58 : 
2018-12-29 03:42:36 : /usr/share/php/puzzle/ipz_menus.php:632 : Array
(
    [di_name] => images
    [pa_filename] => images.php
    [me_charset] => utf8
    [di_fr_short] => Images
    [di_fr_long] => Liste des images
)

2018-12-30 01:26:08 : /usr/share/php/puzzle/ipz_menus.php:107:select pa_id from pages where pa_filename = 'mkmain.php' : 
2018-12-30 01:26:08 : LG : fr
2018-12-30 01:26:20 : /usr/share/php/puzzle/ipz_menus.php:378:select m.pa_id, m.me_level, d.di_fr_short from menus m, dictionary d where m.di_name=d.di_name and m.me_level='1' order by m.me_id : 
2018-12-30 01:26:20 : LG : fr
2018-12-30 01:26:20 : /usr/share/php/puzzle/ipz_menus.php:618:select d.di_name, p.pa_filename, m.me_charset, d.di_fr_short, d.di_fr_long from  pages p, menus m, dictionary d where m.di_name=d.di_name and p.di_name=m.di_name and p.pa_id=17 : 
2018-12-30 01:26:20 : /usr/share/php/puzzle/ipz_menus.php:632 : Array
(
    [di_name] => home
    [pa_filename] => mkmain.php
    [me_charset] => utf8
    [di_fr_short] => Accueil
    [di_fr_long] => Page d'accueil
)

2018-12-30 01:28:01 : /usr/share/php/puzzle/ipz_menus.php:378:select m.pa_id, m.me_level, d.di_fr_short from menus m, dictionary d where m.di_name=d.di_name and m.me_level='1' order by m.me_id : 
2018-12-30 01:28:01 : LG : fr
2018-12-30 01:28:01 : /usr/share/php/puzzle/ipz_menus.php:618:select d.di_name, p.pa_filename, m.me_charset, d.di_fr_short, d.di_fr_long from  pages p, menus m, dictionary d where m.di_name=d.di_name and p.di_name=m.di_name and p.pa_id=29 : 
2018-12-30 01:28:01 : /usr/share/php/puzzle/ipz_menus.php:632 : Array
(
    [di_name] => mkscript
    [pa_filename] => mkscript.php
    [me_charset] => utf8
    [di_fr_short] => Créer un script
    [di_fr_long] => Créer un script à partir d'une table
)

2018-12-30 01:28:07 : /usr/share/php/puzzle/ipz_menus.php:378:select m.pa_id, m.me_level, d.di_fr_short from menus m, dictionary d where m.di_name=d.di_name and m.me_level='1' order by m.me_id : 
2018-12-30 01:28:07 : LG : fr
2018-12-30 01:28:07 : /usr/share/php/puzzle/ipz_menus.php:618:select d.di_name, p.pa_filename, m.me_charset, d.di_fr_short, d.di_fr_long from  pages p, menus m, dictionary d where m.di_name=d.di_name and p.di_name=m.di_name and p.pa_id=29 : 
2018-12-30 01:28:07 : /usr/share/php/puzzle/ipz_menus.php:632 : Array
(
    [di_name] => mkscript
    [pa_filename] => mkscript.php
    [me_charset] => utf8
    [di_fr_short] => Créer un script
    [di_fr_long] => Créer un script à partir d'une table
)

2018-12-30 01:28:09 : /usr/share/php/puzzle/ipz_menus.php:378:select m.pa_id, m.me_level, d.di_fr_short from menus m, dictionary d where m.di_name=d.di_name and m.me_level='1' order by m.me_id : 
2018-12-30 01:28:09 : LG : fr
2018-12-30 01:28:09 : /usr/share/php/puzzle/ipz_menus.php:618:select d.di_name, p.pa_filename, m.me_charset, d.di_fr_short, d.di_fr_long from  pages p, menus m, dictionary d where m.di_name=d.di_name and p.di_name=m.di_name and p.pa_id=32 : 
2018-12-30 01:28:09 : /usr/share/php/puzzle/ipz_menus.php:632 : Array
(
    [di_name] => mkfields
    [pa_filename] => mkfields.php
    [me_charset] => utf8
    [di_fr_short] => Champs
    [di_fr_long] => Champs de la table
)

2018-12-30 01:28:57 : /usr/share/php/puzzle/ipz_menus.php:378:select m.pa_id, m.me_level, d.di_fr_short from menus m, dictionary d where m.di_name=d.di_name and m.me_level='1' order by m.me_id : 
2018-12-30 01:28:57 : LG : fr
2018-12-30 01:28:57 : /usr/share/php/puzzle/ipz_menus.php:618:select d.di_name, p.pa_filename, m.me_charset, d.di_fr_short, d.di_fr_long from  pages p, menus m, dictionary d where m.di_name=d.di_name and p.di_name=m.di_name and p.pa_id=32 : 
2018-12-30 01:28:57 : /usr/share/php/puzzle/ipz_menus.php:632 : Array
(
    [di_name] => mkfields
    [pa_filename] => mkfields.php
    [me_charset] => utf8
    [di_fr_short] => Champs
    [di_fr_long] => Champs de la table
)

2018-12-30 09:31:53 : /usr/share/php/puzzle/ipz_menus.php:378:select m.pa_id, m.me_level, d.di_fr_short from menus m, dictionary d where m.di_name=d.di_name and m.me_level='1' order by m.me_id : 
2018-12-30 09:31:53 : LG : fr
2018-12-30 09:31:53 : /usr/share/php/puzzle/ipz_menus.php:618:select d.di_name, p.pa_filename, m.me_charset, d.di_fr_short, d.di_fr_long from  pages p, menus m, dictionary d where m.di_name=d.di_name and p.di_name=m.di_name and p.pa_id=29 : 
2018-12-30 09:31:54 : /usr/share/php/puzzle/ipz_menus.php:632 : Array
(
    [di_name] => mkscript
    [pa_filename] => mkscript.php
    [me_charset] => utf8
    [di_fr_short] => Créer un script
    [di_fr_long] => Créer un script à partir d'une table
)

2018-12-30 09:31:56 : /usr/share/php/puzzle/ipz_menus.php:378:select m.pa_id, m.me_level, d.di_fr_short from menus m, dictionary d where m.di_name=d.di_name and m.me_level='1' order by m.me_id : 
2018-12-30 09:31:56 : LG : fr
2018-12-30 09:31:56 : /usr/share/php/puzzle/ipz_menus.php:618:select d.di_name, p.pa_filename, m.me_charset, d.di_fr_short, d.di_fr_long from  pages p, menus m, dictionary d where m.di_name=d.di_name and p.di_name=m.di_name and p.pa_id=32 : 
2018-12-30 09:31:56 : /usr/share/php/puzzle/ipz_menus.php:632 : Array
(
    [di_name] => mkfields
    [pa_filename] => mkfields.php
    [me_charset] => utf8
    [di_fr_short] => Champs
    [di_fr_long] => Champs de la table
)

2018-12-30 09:38:42 : /usr/share/php/puzzle/ipz_menus.php:378:select m.pa_id, m.me_level, d.di_fr_short from menus m, dictionary d where m.di_name=d.di_name and m.me_level='1' order by m.me_id : 
2018-12-30 09:38:42 : LG : fr
2018-12-30 09:38:42 : /usr/share/php/puzzle/ipz_menus.php:618:select d.di_name, p.pa_filename, m.me_charset, d.di_fr_short, d.di_fr_long from  pages p, menus m, dictionary d where m.di_name=d.di_name and p.di_name=m.di_name and p.pa_id=29 : 
2018-12-30 09:38:42 : /usr/share/php/puzzle/ipz_menus.php:632 : Array
(
    [di_name] => mkscript
    [pa_filename] => mkscript.php
    [me_charset] => utf8
    [di_fr_short] => Créer un script
    [di_fr_long] => Créer un script à partir d'une table
)

2018-12-30 09:38:44 : /usr/share/php/puzzle/ipz_menus.php:378:select m.pa_id, m.me_level, d.di_fr_short from menus m, dictionary d where m.di_name=d.di_name and m.me_level='1' order by m.me_id : 
2018-12-30 09:38:44 : LG : fr
2018-12-30 09:38:44 : /usr/share/php/puzzle/ipz_menus.php:618:select d.di_name, p.pa_filename, m.me_charset, d.di_fr_short, d.di_fr_long from  pages p, menus m, dictionary d where m.di_name=d.di_name and p.di_name=m.di_name and p.pa_id=32 : 
2018-12-30 09:38:44 : /usr/share/php/puzzle/ipz_menus.php:632 : Array
(
    [di_name] => mkfields
    [pa_filename] => mkfields.php
    [me_charset] => utf8
    [di_fr_short] => Champs
    [di_fr_long] => Champs de la table
)

2018-12-30 09:56:55 : /usr/share/php/puzzle/ipz_menus.php:378:select m.pa_id, m.me_level, d.di_fr_short from menus m, dictionary d where m.di_name=d.di_name and m.me_level='1' order by m.me_id : 
2018-12-30 09:56:55 : LG : fr
2018-12-30 09:56:55 : /usr/share/php/puzzle/ipz_menus.php:618:select d.di_name, p.pa_filename, m.me_charset, d.di_fr_short, d.di_fr_long from  pages p, menus m, dictionary d where m.di_name=d.di_name and p.di_name=m.di_name and p.pa_id=29 : 
2018-12-30 09:56:55 : /usr/share/php/puzzle/ipz_menus.php:632 : Array
(
    [di_name] => mkscript
    [pa_filename] => mkscript.php
    [me_charset] => utf8
    [di_fr_short] => Créer un script
    [di_fr_long] => Créer un script à partir d'une table
)

2018-12-30 09:56:57 : /usr/share/php/puzzle/ipz_menus.php:378:select m.pa_id, m.me_level, d.di_fr_short from menus m, dictionary d where m.di_name=d.di_name and m.me_level='1' order by m.me_id : 
2018-12-30 09:56:57 : LG : fr
2018-12-30 09:56:57 : /usr/share/php/puzzle/ipz_menus.php:618:select d.di_name, p.pa_filename, m.me_charset, d.di_fr_short, d.di_fr_long from  pages p, menus m, dictionary d where m.di_name=d.di_name and p.di_name=m.di_name and p.pa_id=32 : 
2018-12-30 09:56:57 : /usr/share/php/puzzle/ipz_menus.php:632 : Array
(
    [di_name] => mkfields
    [pa_filename] => mkfields.php
    [me_charset] => utf8
    [di_fr_short] => Champs
    [di_fr_long] => Champs de la table
)

2018-12-30 09:57:42 : /usr/share/php/puzzle/ipz_menus.php:378:select m.pa_id, m.me_level, d.di_fr_short from menus m, dictionary d where m.di_name=d.di_name and m.me_level='1' order by m.me_id : 
2018-12-30 09:57:42 : LG : fr
2018-12-30 09:57:42 : /usr/share/php/puzzle/ipz_menus.php:618:select d.di_name, p.pa_filename, m.me_charset, d.di_fr_short, d.di_fr_long from  pages p, menus m, dictionary d where m.di_name=d.di_name and p.di_name=m.di_name and p.pa_id=29 : 
2018-12-30 09:57:42 : /usr/share/php/puzzle/ipz_menus.php:632 : Array
(
    [di_name] => mkscript
    [pa_filename] => mkscript.php
    [me_charset] => utf8
    [di_fr_short] => Créer un script
    [di_fr_long] => Créer un script à partir d'une table
)

2018-12-30 09:57:44 : /usr/share/php/puzzle/ipz_menus.php:378:select m.pa_id, m.me_level, d.di_fr_short from menus m, dictionary d where m.di_name=d.di_name and m.me_level='1' order by m.me_id : 
2018-12-30 09:57:44 : LG : fr
2018-12-30 09:57:44 : /usr/share/php/puzzle/ipz_menus.php:618:select d.di_name, p.pa_filename, m.me_charset, d.di_fr_short, d.di_fr_long from  pages p, menus m, dictionary d where m.di_name=d.di_name and p.di_name=m.di_name and p.pa_id=32 : 
2018-12-30 09:57:44 : /usr/share/php/puzzle/ipz_menus.php:632 : Array
(
    [di_name] => mkfields
    [pa_filename] => mkfields.php
    [me_charset] => utf8
    [di_fr_short] => Champs
    [di_fr_long] => Champs de la table
)

2018-12-30 09:59:21 : /usr/share/php/puzzle/ipz_menus.php:378:select m.pa_id, m.me_level, d.di_fr_short from menus m, dictionary d where m.di_name=d.di_name and m.me_level='1' order by m.me_id : 
2018-12-30 09:59:21 : LG : fr
2018-12-30 09:59:21 : /usr/share/php/puzzle/ipz_menus.php:618:select d.di_name, p.pa_filename, m.me_charset, d.di_fr_short, d.di_fr_long from  pages p, menus m, dictionary d where m.di_name=d.di_name and p.di_name=m.di_name and p.pa_id=29 : 
2018-12-30 09:59:21 : /usr/share/php/puzzle/ipz_menus.php:632 : Array
(
    [di_name] => mkscript
    [pa_filename] => mkscript.php
    [me_charset] => utf8
    [di_fr_short] => Créer un script
    [di_fr_long] => Créer un script à partir d'une table
)

2018-12-30 09:59:23 : /usr/share/php/puzzle/ipz_menus.php:378:select m.pa_id, m.me_level, d.di_fr_short from menus m, dictionary d where m.di_name=d.di_name and m.me_level='1' order by m.me_id : 
2018-12-30 09:59:23 : LG : fr
2018-12-30 09:59:23 : /usr/share/php/puzzle/ipz_menus.php:618:select d.di_name, p.pa_filename, m.me_charset, d.di_fr_short, d.di_fr_long from  pages p, menus m, dictionary d where m.di_name=d.di_name and p.di_name=m.di_name and p.pa_id=32 : 
2018-12-30 09:59:23 : /usr/share/php/puzzle/ipz_menus.php:632 : Array
(
    [di_name] => mkfields
    [pa_filename] => mkfields.php
    [me_charset] => utf8
    [di_fr_short] => Champs
    [di_fr_long] => Champs de la table
)

2018-12-30 09:59:58 : /usr/share/php/puzzle/ipz_menus.php:378:select m.pa_id, m.me_level, d.di_fr_short from menus m, dictionary d where m.di_name=d.di_name and m.me_level='1' order by m.me_id : 
2018-12-30 09:59:58 : LG : fr
2018-12-30 09:59:58 : /usr/share/php/puzzle/ipz_menus.php:618:select d.di_name, p.pa_filename, m.me_charset, d.di_fr_short, d.di_fr_long from  pages p, menus m, dictionary d where m.di_name=d.di_name and p.di_name=m.di_name and p.pa_id=29 : 
2018-12-30 09:59:58 : /usr/share/php/puzzle/ipz_menus.php:632 : Array
(
    [di_name] => mkscript
    [pa_filename] => mkscript.php
    [me_charset] => utf8
    [di_fr_short] => Créer un script
    [di_fr_long] => Créer un script à partir d'une table
)

2018-12-30 10:00:00 : /usr/share/php/puzzle/ipz_menus.php:378:select m.pa_id, m.me_level, d.di_fr_short from menus m, dictionary d where m.di_name=d.di_name and m.me_level='1' order by m.me_id : 
2018-12-30 10:00:00 : LG : fr
2018-12-30 10:00:00 : /usr/share/php/puzzle/ipz_menus.php:618:select d.di_name, p.pa_filename, m.me_charset, d.di_fr_short, d.di_fr_long from  pages p, menus m, dictionary d where m.di_name=d.di_name and p.di_name=m.di_name and p.pa_id=32 : 
2018-12-30 10:00:00 : /usr/share/php/puzzle/ipz_menus.php:632 : Array
(
    [di_name] => mkfields
    [pa_filename] => mkfields.php
    [me_charset] => utf8
    [di_fr_short] => Champs
    [di_fr_long] => Champs de la table
)

2018-12-30 10:03:38 : /usr/share/php/puzzle/ipz_menus.php:378:select m.pa_id, m.me_level, d.di_fr_short from menus m, dictionary d where m.di_name=d.di_name and m.me_level='1' order by m.me_id : 
2018-12-30 10:03:38 : LG : fr
2018-12-30 10:03:38 : /usr/share/php/puzzle/ipz_menus.php:618:select d.di_name, p.pa_filename, m.me_charset, d.di_fr_short, d.di_fr_long from  pages p, menus m, dictionary d where m.di_name=d.di_name and p.di_name=m.di_name and p.pa_id=29 : 
2018-12-30 10:03:38 : /usr/share/php/puzzle/ipz_menus.php:632 : Array
(
    [di_name] => mkscript
    [pa_filename] => mkscript.php
    [me_charset] => utf8
    [di_fr_short] => Créer un script
    [di_fr_long] => Créer un script à partir d'une table
)

2018-12-30 10:03:46 : /usr/share/php/puzzle/ipz_menus.php:378:select m.pa_id, m.me_level, d.di_fr_short from menus m, dictionary d where m.di_name=d.di_name and m.me_level='1' order by m.me_id : 
2018-12-30 10:03:46 : LG : fr
2018-12-30 10:03:47 : /usr/share/php/puzzle/ipz_menus.php:618:select d.di_name, p.pa_filename, m.me_charset, d.di_fr_short, d.di_fr_long from  pages p, menus m, dictionary d where m.di_name=d.di_name and p.di_name=m.di_name and p.pa_id=29 : 
2018-12-30 10:03:47 : /usr/share/php/puzzle/ipz_menus.php:632 : Array
(
    [di_name] => mkscript
    [pa_filename] => mkscript.php
    [me_charset] => utf8
    [di_fr_short] => Créer un script
    [di_fr_long] => Créer un script à partir d'une table
)

2018-12-30 10:03:50 : /usr/share/php/puzzle/ipz_menus.php:378:select m.pa_id, m.me_level, d.di_fr_short from menus m, dictionary d where m.di_name=d.di_name and m.me_level='1' order by m.me_id : 
2018-12-30 10:03:50 : LG : fr
2018-12-30 10:03:50 : /usr/share/php/puzzle/ipz_menus.php:618:select d.di_name, p.pa_filename, m.me_charset, d.di_fr_short, d.di_fr_long from  pages p, menus m, dictionary d where m.di_name=d.di_name and p.di_name=m.di_name and p.pa_id=32 : 
2018-12-30 10:03:50 : /usr/share/php/puzzle/ipz_menus.php:632 : Array
(
    [di_name] => mkfields
    [pa_filename] => mkfields.php
    [me_charset] => utf8
    [di_fr_short] => Champs
    [di_fr_long] => Champs de la table
)

2018-12-30 10:05:16 : /usr/share/php/puzzle/ipz_menus.php:378:select m.pa_id, m.me_level, d.di_fr_short from menus m, dictionary d where m.di_name=d.di_name and m.me_level='1' order by m.me_id : 
2018-12-30 10:05:16 : LG : fr
2018-12-30 10:05:17 : /usr/share/php/puzzle/ipz_menus.php:618:select d.di_name, p.pa_filename, m.me_charset, d.di_fr_short, d.di_fr_long from  pages p, menus m, dictionary d where m.di_name=d.di_name and p.di_name=m.di_name and p.pa_id=29 : 
2018-12-30 10:05:17 : /usr/share/php/puzzle/ipz_menus.php:632 : Array
(
    [di_name] => mkscript
    [pa_filename] => mkscript.php
    [me_charset] => utf8
    [di_fr_short] => Créer un script
    [di_fr_long] => Créer un script à partir d'une table
)

2018-12-30 10:05:27 : /usr/share/php/puzzle/ipz_menus.php:378:select m.pa_id, m.me_level, d.di_fr_short from menus m, dictionary d where m.di_name=d.di_name and m.me_level='1' order by m.me_id : 
2018-12-30 10:05:27 : LG : fr
2018-12-30 10:05:27 : /usr/share/php/puzzle/ipz_menus.php:618:select d.di_name, p.pa_filename, m.me_charset, d.di_fr_short, d.di_fr_long from  pages p, menus m, dictionary d where m.di_name=d.di_name and p.di_name=m.di_name and p.pa_id=29 : 
2018-12-30 10:05:27 : /usr/share/php/puzzle/ipz_menus.php:632 : Array
(
    [di_name] => mkscript
    [pa_filename] => mkscript.php
    [me_charset] => utf8
    [di_fr_short] => Créer un script
    [di_fr_long] => Créer un script à partir d'une table
)

2018-12-30 10:05:30 : /usr/share/php/puzzle/ipz_menus.php:378:select m.pa_id, m.me_level, d.di_fr_short from menus m, dictionary d where m.di_name=d.di_name and m.me_level='1' order by m.me_id : 
2018-12-30 10:05:30 : LG : fr
2018-12-30 10:05:30 : /usr/share/php/puzzle/ipz_menus.php:618:select d.di_name, p.pa_filename, m.me_charset, d.di_fr_short, d.di_fr_long from  pages p, menus m, dictionary d where m.di_name=d.di_name and p.di_name=m.di_name and p.pa_id=32 : 
2018-12-30 10:05:30 : /usr/share/php/puzzle/ipz_menus.php:632 : Array
(
    [di_name] => mkfields
    [pa_filename] => mkfields.php
    [me_charset] => utf8
    [di_fr_short] => Champs
    [di_fr_long] => Champs de la table
)

2018-12-30 10:08:38 : /usr/share/php/puzzle/ipz_menus.php:378:select m.pa_id, m.me_level, d.di_fr_short from menus m, dictionary d where m.di_name=d.di_name and m.me_level='1' order by m.me_id : 
2018-12-30 10:08:38 : LG : fr
2018-12-30 10:08:38 : /usr/share/php/puzzle/ipz_menus.php:618:select d.di_name, p.pa_filename, m.me_charset, d.di_fr_short, d.di_fr_long from  pages p, menus m, dictionary d where m.di_name=d.di_name and p.di_name=m.di_name and p.pa_id=29 : 
2018-12-30 10:08:38 : /usr/share/php/puzzle/ipz_menus.php:632 : Array
(
    [di_name] => mkscript
    [pa_filename] => mkscript.php
    [me_charset] => utf8
    [di_fr_short] => Créer un script
    [di_fr_long] => Créer un script à partir d'une table
)

2018-12-30 10:08:40 : /usr/share/php/puzzle/ipz_menus.php:378:select m.pa_id, m.me_level, d.di_fr_short from menus m, dictionary d where m.di_name=d.di_name and m.me_level='1' order by m.me_id : 
2018-12-30 10:08:40 : LG : fr
2018-12-30 10:08:40 : /usr/share/php/puzzle/ipz_menus.php:618:select d.di_name, p.pa_filename, m.me_charset, d.di_fr_short, d.di_fr_long from  pages p, menus m, dictionary d where m.di_name=d.di_name and p.di_name=m.di_name and p.pa_id=32 : 
2018-12-30 10:08:40 : /usr/share/php/puzzle/ipz_menus.php:632 : Array
(
    [di_name] => mkfields
    [pa_filename] => mkfields.php
    [me_charset] => utf8
    [di_fr_short] => Champs
    [di_fr_long] => Champs de la table
)

2018-12-30 10:08:58 : /usr/share/php/puzzle/ipz_menus.php:378:select m.pa_id, m.me_level, d.di_fr_short from menus m, dictionary d where m.di_name=d.di_name and m.me_level='1' order by m.me_id : 
2018-12-30 10:08:58 : LG : fr
2018-12-30 10:08:58 : /usr/share/php/puzzle/ipz_menus.php:618:select d.di_name, p.pa_filename, m.me_charset, d.di_fr_short, d.di_fr_long from  pages p, menus m, dictionary d where m.di_name=d.di_name and p.di_name=m.di_name and p.pa_id=29 : 
2018-12-30 10:08:58 : /usr/share/php/puzzle/ipz_menus.php:632 : Array
(
    [di_name] => mkscript
    [pa_filename] => mkscript.php
    [me_charset] => utf8
    [di_fr_short] => Créer un script
    [di_fr_long] => Créer un script à partir d'une table
)

2018-12-30 10:09:10 : /usr/share/php/puzzle/ipz_menus.php:378:select m.pa_id, m.me_level, d.di_fr_short from menus m, dictionary d where m.di_name=d.di_name and m.me_level='1' order by m.me_id : 
2018-12-30 10:09:10 : LG : fr
2018-12-30 10:09:10 : /usr/share/php/puzzle/ipz_menus.php:618:select d.di_name, p.pa_filename, m.me_charset, d.di_fr_short, d.di_fr_long from  pages p, menus m, dictionary d where m.di_name=d.di_name and p.di_name=m.di_name and p.pa_id=32 : 
2018-12-30 10:09:10 : /usr/share/php/puzzle/ipz_menus.php:632 : Array
(
    [di_name] => mkfields
    [pa_filename] => mkfields.php
    [me_charset] => utf8
    [di_fr_short] => Champs
    [di_fr_long] => Champs de la table
)

2018-12-30 10:09:19 : /usr/share/php/puzzle/ipz_menus.php:378:select m.pa_id, m.me_level, d.di_fr_short from menus m, dictionary d where m.di_name=d.di_name and m.me_level='1' order by m.me_id : 
2018-12-30 10:09:19 : LG : fr
2018-12-30 10:09:19 : /usr/share/php/puzzle/ipz_menus.php:618:select d.di_name, p.pa_filename, m.me_charset, d.di_fr_short, d.di_fr_long from  pages p, menus m, dictionary d where m.di_name=d.di_name and p.di_name=m.di_name and p.pa_id=33 : 
2018-12-30 10:09:19 : /usr/share/php/puzzle/ipz_menus.php:632 : Array
(
    [di_name] => mkfile
    [pa_filename] => mkfile.php
    [me_charset] => utf8
    [di_fr_short] => Fichier
    [di_fr_long] => Création du fichier
)

2018-12-30 10:09:22 : /usr/share/php/puzzle/ipz_menus.php:107:select pa_id from pages where pa_filename = 'mkmain.php' : 
2018-12-30 10:09:22 : LG : fr
2018-12-30 12:04:33 : /usr/share/php/puzzle/ipz_menus.php:378:select m.pa_id, m.me_level, d.di_fr_short from menus m, dictionary d where m.di_name=d.di_name and m.me_level='1' order by m.me_id : 
2018-12-30 12:04:33 : LG : fr
2018-12-30 12:04:33 : /usr/share/php/puzzle/ipz_menus.php:618:select d.di_name, p.pa_filename, m.me_charset, d.di_fr_short, d.di_fr_long from  pages p, menus m, dictionary d where m.di_name=d.di_name and p.di_name=m.di_name and p.pa_id=17 : 
2018-12-30 12:04:33 : /usr/share/php/puzzle/ipz_menus.php:632 : Array
(
    [di_name] => home
    [pa_filename] => mkmain.php
    [me_charset] => utf8
    [di_fr_short] => Accueil
    [di_fr_long] => Page d'accueil
)

2018-12-30 12:04:37 : /usr/share/php/puzzle/ipz_menus.php:378:select m.pa_id, m.me_level, d.di_fr_short from menus m, dictionary d where m.di_name=d.di_name and m.me_level='1' order by m.me_id : 
2018-12-30 12:04:37 : LG : fr
2018-12-30 12:04:37 : /usr/share/php/puzzle/ipz_menus.php:618:select d.di_name, p.pa_filename, m.me_charset, d.di_fr_short, d.di_fr_long from  pages p, menus m, dictionary d where m.di_name=d.di_name and p.di_name=m.di_name and p.pa_id=29 : 
2018-12-30 12:04:37 : /usr/share/php/puzzle/ipz_menus.php:632 : Array
(
    [di_name] => mkscript
    [pa_filename] => mkscript.php
    [me_charset] => utf8
    [di_fr_short] => Créer un script
    [di_fr_long] => Créer un script à partir d'une table
)

2018-12-30 12:04:41 : /usr/share/php/puzzle/ipz_menus.php:378:select m.pa_id, m.me_level, d.di_fr_short from menus m, dictionary d where m.di_name=d.di_name and m.me_level='1' order by m.me_id : 
2018-12-30 12:04:41 : LG : fr
2018-12-30 12:04:41 : /usr/share/php/puzzle/ipz_menus.php:618:select d.di_name, p.pa_filename, m.me_charset, d.di_fr_short, d.di_fr_long from  pages p, menus m, dictionary d where m.di_name=d.di_name and p.di_name=m.di_name and p.pa_id=29 : 
2018-12-30 12:04:41 : /usr/share/php/puzzle/ipz_menus.php:632 : Array
(
    [di_name] => mkscript
    [pa_filename] => mkscript.php
    [me_charset] => utf8
    [di_fr_short] => Créer un script
    [di_fr_long] => Créer un script à partir d'une table
)

2018-12-30 12:04:42 : /usr/share/php/puzzle/ipz_menus.php:378:select m.pa_id, m.me_level, d.di_fr_short from menus m, dictionary d where m.di_name=d.di_name and m.me_level='1' order by m.me_id : 
2018-12-30 12:04:42 : LG : fr
2018-12-30 12:04:42 : /usr/share/php/puzzle/ipz_menus.php:618:select d.di_name, p.pa_filename, m.me_charset, d.di_fr_short, d.di_fr_long from  pages p, menus m, dictionary d where m.di_name=d.di_name and p.di_name=m.di_name and p.pa_id=32 : 
2018-12-30 12:04:42 : /usr/share/php/puzzle/ipz_menus.php:632 : Array
(
    [di_name] => mkfields
    [pa_filename] => mkfields.php
    [me_charset] => utf8
    [di_fr_short] => Champs
    [di_fr_long] => Champs de la table
)

2018-12-30 03:05:51 : /usr/share/php/puzzle/ipz_menus.php:378:select m.pa_id, m.me_level, d.di_fr_short from menus m, dictionary d where m.di_name=d.di_name and m.me_level='1' order by m.me_id : 
2018-12-30 03:05:51 : LG : fr
2018-12-30 03:07:49 : /usr/share/php/puzzle/ipz_menus.php:378:select m.pa_id, m.me_level, d.di_fr_short from menus m, dictionary d where m.di_name=d.di_name and m.me_level='1' order by m.me_id : 
2018-12-30 03:07:49 : LG : fr
2018-12-30 03:08:07 : /usr/share/php/puzzle/ipz_menus.php:378:select m.pa_id, m.me_level, d.di_fr_short from menus m, dictionary d where m.di_name=d.di_name and m.me_level='1' order by m.me_id : 
2018-12-30 03:08:07 : LG : fr
2018-12-30 03:08:07 : /usr/share/php/puzzle/ipz_menus.php:618:select d.di_name, p.pa_filename, m.me_charset, d.di_fr_short, d.di_fr_long from  pages p, menus m, dictionary d where m.di_name=d.di_name and p.di_name=m.di_name and p.pa_id=29 : 
2018-12-30 03:08:07 : /usr/share/php/puzzle/ipz_menus.php:632 : Array
(
    [di_name] => mkscript
    [pa_filename] => mkscript.php
    [me_charset] => utf8
    [di_fr_short] => Créer un script
    [di_fr_long] => Créer un script à partir d'une table
)

2018-12-30 03:08:32 : /usr/share/php/puzzle/ipz_menus.php:378:select m.pa_id, m.me_level, d.di_fr_short from menus m, dictionary d where m.di_name=d.di_name and m.me_level='1' order by m.me_id : 
2018-12-30 03:08:32 : LG : fr
2018-12-30 03:08:32 : /usr/share/php/puzzle/ipz_menus.php:618:select d.di_name, p.pa_filename, m.me_charset, d.di_fr_short, d.di_fr_long from  pages p, menus m, dictionary d where m.di_name=d.di_name and p.di_name=m.di_name and p.pa_id=29 : 
2018-12-30 03:08:32 : /usr/share/php/puzzle/ipz_menus.php:632 : Array
(
    [di_name] => mkscript
    [pa_filename] => mkscript.php
    [me_charset] => utf8
    [di_fr_short] => Créer un script
    [di_fr_long] => Créer un script à partir d'une table
)

2018-12-30 03:08:57 : /usr/share/php/puzzle/ipz_menus.php:107:select pa_id from pages where pa_filename = 'mkmain.php' : 
2018-12-30 03:08:57 : LG : fr
2018-12-30 03:09:04 : /usr/share/php/puzzle/ipz_menus.php:378:select m.pa_id, m.me_level, d.di_fr_short from menus m, dictionary d where m.di_name=d.di_name and m.me_level='1' order by m.me_id : 
2018-12-30 03:09:04 : LG : fr
2018-12-30 03:09:04 : /usr/share/php/puzzle/ipz_menus.php:618:select d.di_name, p.pa_filename, m.me_charset, d.di_fr_short, d.di_fr_long from  pages p, menus m, dictionary d where m.di_name=d.di_name and p.di_name=m.di_name and p.pa_id=17 : 
2018-12-30 03:09:04 : /usr/share/php/puzzle/ipz_menus.php:632 : Array
(
    [di_name] => home
    [pa_filename] => mkmain.php
    [me_charset] => utf8
    [di_fr_short] => Accueil
    [di_fr_long] => Page d'accueil
)

2018-12-30 03:09:12 : /usr/share/php/puzzle/ipz_menus.php:378:select m.pa_id, m.me_level, d.di_fr_short from menus m, dictionary d where m.di_name=d.di_name and m.me_level='1' order by m.me_id : 
2018-12-30 03:09:12 : LG : fr
2018-12-30 03:09:12 : /usr/share/php/puzzle/ipz_menus.php:618:select d.di_name, p.pa_filename, m.me_charset, d.di_fr_short, d.di_fr_long from  pages p, menus m, dictionary d where m.di_name=d.di_name and p.di_name=m.di_name and p.pa_id=21 : 
2018-12-30 03:09:13 : /usr/share/php/puzzle/ipz_menus.php:632 : Array
(
    [di_name] => dictiona
    [pa_filename] => dictionary.php
    [me_charset] => utf8
    [di_fr_short] => Dictionnaire
    [di_fr_long] => 
)

2018-12-30 03:09:14 : /usr/share/php/puzzle/ipz_menus.php:378:select m.pa_id, m.me_level, d.di_fr_short from menus m, dictionary d where m.di_name=d.di_name and m.me_level='1' order by m.me_id : 
2018-12-30 03:09:14 : LG : fr
2018-12-30 03:09:14 : /usr/share/php/puzzle/ipz_menus.php:618:select d.di_name, p.pa_filename, m.me_charset, d.di_fr_short, d.di_fr_long from  pages p, menus m, dictionary d where m.di_name=d.di_name and p.di_name=m.di_name and p.pa_id=23 : 
2018-12-30 03:09:14 : /usr/share/php/puzzle/ipz_menus.php:632 : Array
(
    [di_name] => forums
    [pa_filename] => forums.php
    [me_charset] => utf8
    [di_fr_short] => Forums
    [di_fr_long] => Forums disponibles
)

2018-12-30 03:09:15 : /usr/share/php/puzzle/ipz_menus.php:378:select m.pa_id, m.me_level, d.di_fr_short from menus m, dictionary d where m.di_name=d.di_name and m.me_level='1' order by m.me_id : 
2018-12-30 03:09:15 : LG : fr
2018-12-30 03:09:15 : /usr/share/php/puzzle/ipz_menus.php:618:select d.di_name, p.pa_filename, m.me_charset, d.di_fr_short, d.di_fr_long from  pages p, menus m, dictionary d where m.di_name=d.di_name and p.di_name=m.di_name and p.pa_id=24 : 
2018-12-30 03:09:15 : /usr/share/php/puzzle/ipz_menus.php:632 : Array
(
    [di_name] => changelo
    [pa_filename] => changelog.php
    [me_charset] => utf8
    [di_fr_short] => Changements
    [di_fr_long] => Notes de changements
)

2018-12-30 03:09:16 : /usr/share/php/puzzle/ipz_menus.php:378:select m.pa_id, m.me_level, d.di_fr_short from menus m, dictionary d where m.di_name=d.di_name and m.me_level='1' order by m.me_id : 
2018-12-30 03:09:16 : LG : fr
2018-12-30 03:09:16 : /usr/share/php/puzzle/ipz_menus.php:618:select d.di_name, p.pa_filename, m.me_charset, d.di_fr_short, d.di_fr_long from  pages p, menus m, dictionary d where m.di_name=d.di_name and p.di_name=m.di_name and p.pa_id=25 : 
2018-12-30 03:09:16 : /usr/share/php/puzzle/ipz_menus.php:632 : Array
(
    [di_name] => todo
    [pa_filename] => todo.php
    [me_charset] => utf8
    [di_fr_short] => A faire
    [di_fr_long] => Liste des tâches
)

2018-12-30 03:09:17 : /usr/share/php/puzzle/ipz_menus.php:378:select m.pa_id, m.me_level, d.di_fr_short from menus m, dictionary d where m.di_name=d.di_name and m.me_level='1' order by m.me_id : 
2018-12-30 03:09:17 : LG : fr
2018-12-30 03:09:17 : /usr/share/php/puzzle/ipz_menus.php:618:select d.di_name, p.pa_filename, m.me_charset, d.di_fr_short, d.di_fr_long from  pages p, menus m, dictionary d where m.di_name=d.di_name and p.di_name=m.di_name and p.pa_id=26 : 
2018-12-30 03:09:17 : /usr/share/php/puzzle/ipz_menus.php:632 : Array
(
    [di_name] => bugrepor
    [pa_filename] => bugreport.php
    [me_charset] => utf8
    [di_fr_short] => Bugs
    [di_fr_long] => Rapport de bugs
)

2018-12-30 03:09:18 : /usr/share/php/puzzle/ipz_menus.php:378:select m.pa_id, m.me_level, d.di_fr_short from menus m, dictionary d where m.di_name=d.di_name and m.me_level='1' order by m.me_id : 
2018-12-30 03:09:18 : LG : fr
2018-12-30 03:09:18 : /usr/share/php/puzzle/ipz_menus.php:618:select d.di_name, p.pa_filename, m.me_charset, d.di_fr_short, d.di_fr_long from  pages p, menus m, dictionary d where m.di_name=d.di_name and p.di_name=m.di_name and p.pa_id=58 : 
2018-12-30 03:09:18 : /usr/share/php/puzzle/ipz_menus.php:632 : Array
(
    [di_name] => images
    [pa_filename] => images.php
    [me_charset] => utf8
    [di_fr_short] => Images
    [di_fr_long] => Liste des images
)

2018-12-30 03:09:19 : /usr/share/php/puzzle/ipz_menus.php:378:select m.pa_id, m.me_level, d.di_fr_short from menus m, dictionary d where m.di_name=d.di_name and m.me_level='1' order by m.me_id : 
2018-12-30 03:09:19 : LG : fr
2018-12-30 03:09:19 : /usr/share/php/puzzle/ipz_menus.php:618:select d.di_name, p.pa_filename, m.me_charset, d.di_fr_short, d.di_fr_long from  pages p, menus m, dictionary d where m.di_name=d.di_name and p.di_name=m.di_name and p.pa_id=18 : 
2018-12-30 03:09:19 : /usr/share/php/puzzle/ipz_menus.php:632 : Array
(
    [di_name] => menus
    [pa_filename] => menus.php
    [me_charset] => utf8
    [di_fr_short] => Menus
    [di_fr_long] => Entrées de menus
)

2018-12-30 03:09:23 : /usr/share/php/puzzle/ipz_menus.php:107:select pa_id from pages where pa_filename = 'mkmain.php' : 
2018-12-30 03:09:23 : LG : fr
2018-12-30 03:09:24 : /usr/share/php/puzzle/ipz_menus.php:378:select m.pa_id, m.me_level, d.di_fr_short from menus m, dictionary d where m.di_name=d.di_name and m.me_level='1' order by m.me_id : 
2018-12-30 03:09:24 : LG : fr
2018-12-30 03:09:24 : /usr/share/php/puzzle/ipz_menus.php:618:select d.di_name, p.pa_filename, m.me_charset, d.di_fr_short, d.di_fr_long from  pages p, menus m, dictionary d where m.di_name=d.di_name and p.di_name=m.di_name and p.pa_id=17 : 
2018-12-30 03:09:24 : /usr/share/php/puzzle/ipz_menus.php:632 : Array
(
    [di_name] => home
    [pa_filename] => mkmain.php
    [me_charset] => utf8
    [di_fr_short] => Accueil
    [di_fr_long] => Page d'accueil
)

2018-12-30 03:09:25 : /usr/share/php/puzzle/ipz_menus.php:378:select m.pa_id, m.me_level, d.di_fr_short from menus m, dictionary d where m.di_name=d.di_name and m.me_level='1' order by m.me_id : 
2018-12-30 03:09:25 : LG : fr
2018-12-30 03:09:26 : /usr/share/php/puzzle/ipz_menus.php:618:select d.di_name, p.pa_filename, m.me_charset, d.di_fr_short, d.di_fr_long from  pages p, menus m, dictionary d where m.di_name=d.di_name and p.di_name=m.di_name and p.pa_id=29 : 
2018-12-30 03:09:26 : /usr/share/php/puzzle/ipz_menus.php:632 : Array
(
    [di_name] => mkscript
    [pa_filename] => mkscript.php
    [me_charset] => utf8
    [di_fr_short] => Créer un script
    [di_fr_long] => Créer un script à partir d'une table
)

2018-12-30 03:09:30 : /usr/share/php/puzzle/ipz_menus.php:378:select m.pa_id, m.me_level, d.di_fr_short from menus m, dictionary d where m.di_name=d.di_name and m.me_level='1' order by m.me_id : 
2018-12-30 03:09:30 : LG : fr
2018-12-30 03:09:30 : /usr/share/php/puzzle/ipz_menus.php:618:select d.di_name, p.pa_filename, m.me_charset, d.di_fr_short, d.di_fr_long from  pages p, menus m, dictionary d where m.di_name=d.di_name and p.di_name=m.di_name and p.pa_id=29 : 
2018-12-30 03:09:30 : /usr/share/php/puzzle/ipz_menus.php:632 : Array
(
    [di_name] => mkscript
    [pa_filename] => mkscript.php
    [me_charset] => utf8
    [di_fr_short] => Créer un script
    [di_fr_long] => Créer un script à partir d'une table
)

2018-12-30 03:18:26 : /usr/share/php/puzzle/ipz_menus.php:378:select m.pa_id, m.me_level, d.di_fr_short from menus m, dictionary d where m.di_name=d.di_name and m.me_level='1' order by m.me_id : 
2018-12-30 03:18:27 : LG : fr
2018-12-30 03:18:27 : /usr/share/php/puzzle/ipz_menus.php:618:select d.di_name, p.pa_filename, m.me_charset, d.di_fr_short, d.di_fr_long from  pages p, menus m, dictionary d where m.di_name=d.di_name and p.di_name=m.di_name and p.pa_id=18 : 
2018-12-30 03:18:27 : /usr/share/php/puzzle/ipz_menus.php:632 : Array
(
    [di_name] => menus
    [pa_filename] => menus.php
    [me_charset] => utf8
    [di_fr_short] => Menus
    [di_fr_long] => Entrées de menus
)

2018-12-30 03:18:28 : /usr/share/php/puzzle/ipz_menus.php:107:select pa_id from pages where pa_filename = 'mkmain.php' : 
2018-12-30 03:18:28 : LG : fr
2018-12-30 03:18:29 : /usr/share/php/puzzle/ipz_menus.php:378:select m.pa_id, m.me_level, d.di_fr_short from menus m, dictionary d where m.di_name=d.di_name and m.me_level='1' order by m.me_id : 
2018-12-30 03:18:29 : LG : fr
2018-12-30 03:18:29 : /usr/share/php/puzzle/ipz_menus.php:618:select d.di_name, p.pa_filename, m.me_charset, d.di_fr_short, d.di_fr_long from  pages p, menus m, dictionary d where m.di_name=d.di_name and p.di_name=m.di_name and p.pa_id=17 : 
2018-12-30 03:18:29 : /usr/share/php/puzzle/ipz_menus.php:632 : Array
(
    [di_name] => home
    [pa_filename] => mkmain.php
    [me_charset] => utf8
    [di_fr_short] => Accueil
    [di_fr_long] => Page d'accueil
)

2018-12-30 03:18:30 : /usr/share/php/puzzle/ipz_menus.php:378:select m.pa_id, m.me_level, d.di_fr_short from menus m, dictionary d where m.di_name=d.di_name and m.me_level='1' order by m.me_id : 
2018-12-30 03:18:30 : LG : fr
2018-12-30 03:18:30 : /usr/share/php/puzzle/ipz_menus.php:618:select d.di_name, p.pa_filename, m.me_charset, d.di_fr_short, d.di_fr_long from  pages p, menus m, dictionary d where m.di_name=d.di_name and p.di_name=m.di_name and p.pa_id=29 : 
2018-12-30 03:18:30 : /usr/share/php/puzzle/ipz_menus.php:632 : Array
(
    [di_name] => mkscript
    [pa_filename] => mkscript.php
    [me_charset] => utf8
    [di_fr_short] => Créer un script
    [di_fr_long] => Créer un script à partir d'une table
)

2018-12-30 03:18:38 : /usr/share/php/puzzle/ipz_menus.php:378:select m.pa_id, m.me_level, d.di_fr_short from menus m, dictionary d where m.di_name=d.di_name and m.me_level='1' order by m.me_id : 
2018-12-30 03:18:38 : LG : fr
2018-12-30 03:18:38 : /usr/share/php/puzzle/ipz_menus.php:618:select d.di_name, p.pa_filename, m.me_charset, d.di_fr_short, d.di_fr_long from  pages p, menus m, dictionary d where m.di_name=d.di_name and p.di_name=m.di_name and p.pa_id=29 : 
2018-12-30 03:18:38 : /usr/share/php/puzzle/ipz_menus.php:632 : Array
(
    [di_name] => mkscript
    [pa_filename] => mkscript.php
    [me_charset] => utf8
    [di_fr_short] => Créer un script
    [di_fr_long] => Créer un script à partir d'une table
)

2018-12-30 03:18:40 : /usr/share/php/puzzle/ipz_menus.php:378:select m.pa_id, m.me_level, d.di_fr_short from menus m, dictionary d where m.di_name=d.di_name and m.me_level='1' order by m.me_id : 
2018-12-30 03:18:40 : LG : fr
2018-12-30 03:18:40 : /usr/share/php/puzzle/ipz_menus.php:618:select d.di_name, p.pa_filename, m.me_charset, d.di_fr_short, d.di_fr_long from  pages p, menus m, dictionary d where m.di_name=d.di_name and p.di_name=m.di_name and p.pa_id=18 : 
2018-12-30 03:18:40 : /usr/share/php/puzzle/ipz_menus.php:632 : Array
(
    [di_name] => menus
    [pa_filename] => menus.php
    [me_charset] => utf8
    [di_fr_short] => Menus
    [di_fr_long] => Entrées de menus
)

2018-12-30 03:56:24 : /usr/share/php/puzzle/ipz_menus.php:107:select pa_id from pages where pa_filename = 'mkmain.php' : 
2018-12-30 03:56:24 : LG : fr
2018-12-30 03:56:25 : /usr/share/php/puzzle/ipz_menus.php:378:select m.pa_id, m.me_level, d.di_fr_short from menus m, dictionary d where m.di_name=d.di_name and m.me_level='1' order by m.me_id : 
2018-12-30 03:56:25 : LG : fr
2018-12-30 03:56:25 : /usr/share/php/puzzle/ipz_menus.php:618:select d.di_name, p.pa_filename, m.me_charset, d.di_fr_short, d.di_fr_long from  pages p, menus m, dictionary d where m.di_name=d.di_name and p.di_name=m.di_name and p.pa_id=17 : 
2018-12-30 03:56:25 : /usr/share/php/puzzle/ipz_menus.php:632 : Array
(
    [di_name] => home
    [pa_filename] => mkmain.php
    [me_charset] => utf8
    [di_fr_short] => Accueil
    [di_fr_long] => Page d'accueil
)

2018-12-30 03:56:26 : /usr/share/php/puzzle/ipz_menus.php:378:select m.pa_id, m.me_level, d.di_fr_short from menus m, dictionary d where m.di_name=d.di_name and m.me_level='1' order by m.me_id : 
2018-12-30 03:56:26 : LG : fr
2018-12-30 03:56:26 : /usr/share/php/puzzle/ipz_menus.php:618:select d.di_name, p.pa_filename, m.me_charset, d.di_fr_short, d.di_fr_long from  pages p, menus m, dictionary d where m.di_name=d.di_name and p.di_name=m.di_name and p.pa_id=29 : 
2018-12-30 03:56:26 : /usr/share/php/puzzle/ipz_menus.php:632 : Array
(
    [di_name] => mkscript
    [pa_filename] => mkscript.php
    [me_charset] => utf8
    [di_fr_short] => Créer un script
    [di_fr_long] => Créer un script à partir d'une table
)

2018-12-30 03:56:32 : /usr/share/php/puzzle/ipz_menus.php:378:select m.pa_id, m.me_level, d.di_fr_short from menus m, dictionary d where m.di_name=d.di_name and m.me_level='1' order by m.me_id : 
2018-12-30 03:56:32 : LG : fr
2018-12-30 03:56:32 : /usr/share/php/puzzle/ipz_menus.php:618:select d.di_name, p.pa_filename, m.me_charset, d.di_fr_short, d.di_fr_long from  pages p, menus m, dictionary d where m.di_name=d.di_name and p.di_name=m.di_name and p.pa_id=29 : 
2018-12-30 03:56:32 : /usr/share/php/puzzle/ipz_menus.php:632 : Array
(
    [di_name] => mkscript
    [pa_filename] => mkscript.php
    [me_charset] => utf8
    [di_fr_short] => Créer un script
    [di_fr_long] => Créer un script à partir d'une table
)

2018-12-30 03:56:37 : /usr/share/php/puzzle/ipz_menus.php:378:select m.pa_id, m.me_level, d.di_fr_short from menus m, dictionary d where m.di_name=d.di_name and m.me_level='1' order by m.me_id : 
2018-12-30 03:56:37 : LG : fr
2018-12-30 03:56:37 : /usr/share/php/puzzle/ipz_menus.php:618:select d.di_name, p.pa_filename, m.me_charset, d.di_fr_short, d.di_fr_long from  pages p, menus m, dictionary d where m.di_name=d.di_name and p.di_name=m.di_name and p.pa_id=29 : 
2018-12-30 03:56:37 : /usr/share/php/puzzle/ipz_menus.php:632 : Array
(
    [di_name] => mkscript
    [pa_filename] => mkscript.php
    [me_charset] => utf8
    [di_fr_short] => Créer un script
    [di_fr_long] => Créer un script à partir d'une table
)

2018-12-30 03:56:57 : /usr/share/php/puzzle/ipz_menus.php:378:select m.pa_id, m.me_level, d.di_fr_short from menus m, dictionary d where m.di_name=d.di_name and m.me_level='1' order by m.me_id : 
2018-12-30 03:56:57 : LG : fr
2018-12-30 03:56:57 : /usr/share/php/puzzle/ipz_menus.php:618:select d.di_name, p.pa_filename, m.me_charset, d.di_fr_short, d.di_fr_long from  pages p, menus m, dictionary d where m.di_name=d.di_name and p.di_name=m.di_name and p.pa_id=32 : 
2018-12-30 03:56:57 : /usr/share/php/puzzle/ipz_menus.php:632 : Array
(
    [di_name] => mkfields
    [pa_filename] => mkfields.php
    [me_charset] => utf8
    [di_fr_short] => Champs
    [di_fr_long] => Champs de la table
)

2018-12-30 03:57:01 : /usr/share/php/puzzle/ipz_menus.php:378:select m.pa_id, m.me_level, d.di_fr_short from menus m, dictionary d where m.di_name=d.di_name and m.me_level='1' order by m.me_id : 
2018-12-30 03:57:01 : LG : fr
2018-12-30 03:57:01 : /usr/share/php/puzzle/ipz_menus.php:618:select d.di_name, p.pa_filename, m.me_charset, d.di_fr_short, d.di_fr_long from  pages p, menus m, dictionary d where m.di_name=d.di_name and p.di_name=m.di_name and p.pa_id=33 : 
2018-12-30 03:57:01 : /usr/share/php/puzzle/ipz_menus.php:632 : Array
(
    [di_name] => mkfile
    [pa_filename] => mkfile.php
    [me_charset] => utf8
    [di_fr_short] => Fichier
    [di_fr_long] => Création du fichier
)

2018-12-30 05:04:45 : /usr/share/php/puzzle/ipz_menus.php:107:select pa_id from pages where pa_filename = 'mkmain.php' : 
2018-12-30 05:04:45 : LG : fr
2018-12-30 05:04:46 : /usr/share/php/puzzle/ipz_menus.php:378:select m.pa_id, m.me_level, d.di_fr_short from menus m, dictionary d where m.di_name=d.di_name and m.me_level='1' order by m.me_id : 
2018-12-30 05:04:46 : LG : fr
2018-12-30 05:04:46 : /usr/share/php/puzzle/ipz_menus.php:618:select d.di_name, p.pa_filename, m.me_charset, d.di_fr_short, d.di_fr_long from  pages p, menus m, dictionary d where m.di_name=d.di_name and p.di_name=m.di_name and p.pa_id=17 : 
2018-12-30 05:04:46 : /usr/share/php/puzzle/ipz_menus.php:632 : Array
(
    [di_name] => home
    [pa_filename] => mkmain.php
    [me_charset] => utf8
    [di_fr_short] => Accueil
    [di_fr_long] => Page d'accueil
)

2018-12-30 05:04:55 : /usr/share/php/puzzle/ipz_menus.php:378:select m.pa_id, m.me_level, d.di_fr_short from menus m, dictionary d where m.di_name=d.di_name and m.me_level='1' order by m.me_id : 
2018-12-30 05:04:55 : LG : fr
2018-12-30 05:04:55 : /usr/share/php/puzzle/ipz_menus.php:618:select d.di_name, p.pa_filename, m.me_charset, d.di_fr_short, d.di_fr_long from  pages p, menus m, dictionary d where m.di_name=d.di_name and p.di_name=m.di_name and p.pa_id=29 : 
2018-12-30 05:04:55 : /usr/share/php/puzzle/ipz_menus.php:632 : Array
(
    [di_name] => mkscript
    [pa_filename] => mkscript.php
    [me_charset] => utf8
    [di_fr_short] => Créer un script
    [di_fr_long] => Créer un script à partir d'une table
)

2018-12-30 05:06:03 : /usr/share/php/puzzle/ipz_menus.php:378:select m.pa_id, m.me_level, d.di_fr_short from menus m, dictionary d where m.di_name=d.di_name and m.me_level='1' order by m.me_id : 
2018-12-30 05:06:03 : LG : fr
2018-12-30 05:06:03 : /usr/share/php/puzzle/ipz_menus.php:618:select d.di_name, p.pa_filename, m.me_charset, d.di_fr_short, d.di_fr_long from  pages p, menus m, dictionary d where m.di_name=d.di_name and p.di_name=m.di_name and p.pa_id=29 : 
2018-12-30 05:06:03 : /usr/share/php/puzzle/ipz_menus.php:632 : Array
(
    [di_name] => mkscript
    [pa_filename] => mkscript.php
    [me_charset] => utf8
    [di_fr_short] => Créer un script
    [di_fr_long] => Créer un script à partir d'une table
)

2018-12-30 05:06:18 : /usr/share/php/puzzle/ipz_menus.php:378:select m.pa_id, m.me_level, d.di_fr_short from menus m, dictionary d where m.di_name=d.di_name and m.me_level='1' order by m.me_id : 
2018-12-30 05:06:18 : LG : fr
2018-12-30 05:06:19 : /usr/share/php/puzzle/ipz_menus.php:618:select d.di_name, p.pa_filename, m.me_charset, d.di_fr_short, d.di_fr_long from  pages p, menus m, dictionary d where m.di_name=d.di_name and p.di_name=m.di_name and p.pa_id=32 : 
2018-12-30 05:06:19 : /usr/share/php/puzzle/ipz_menus.php:632 : Array
(
    [di_name] => mkfields
    [pa_filename] => mkfields.php
    [me_charset] => utf8
    [di_fr_short] => Champs
    [di_fr_long] => Champs de la table
)

2018-12-31 01:09:53 : /usr/share/php/puzzle/ipz_menus.php:378:select m.pa_id, m.me_level, d.di_fr_short from menus m, dictionary d where m.di_name=d.di_name and m.me_level='1' order by m.me_id : 
2018-12-31 01:09:53 : LG : fr
2018-12-31 01:10:17 : /usr/share/php/puzzle/ipz_menus.php:378:select m.pa_id, m.me_level, d.di_fr_short from menus m, dictionary d where m.di_name=d.di_name and m.me_level='1' order by m.me_id : 
2018-12-31 01:10:17 : LG : fr
2018-12-31 01:12:17 : /usr/share/php/puzzle/ipz_menus.php:107:select pa_id from pages where pa_filename = 'mkmain.php' : 
2018-12-31 01:12:17 : LG : fr
2018-12-31 01:15:34 : /usr/share/php/puzzle/ipz_menus.php:107:select pa_id from pages where pa_filename = 'mkmain.php' : 
2018-12-31 01:15:34 : LG : fr
2018-12-31 01:16:46 : /usr/share/php/puzzle/ipz_menus.php:107:select pa_id from pages where pa_filename = 'mkmain.php' : 
2018-12-31 01:16:46 : LG : fr
2018-12-31 01:16:46 : STATEMENT : PDOStatement Object
(
    [queryString] => select pa_id from pages where pa_filename = 'mkmain.php'
)

2018-12-31 01:16:48 : /usr/share/php/puzzle/ipz_menus.php:378:select m.pa_id, m.me_level, d.di_fr_short from menus m, dictionary d where m.di_name=d.di_name and m.me_level='1' order by m.me_id : 
2018-12-31 01:16:48 : LG : fr
2018-12-31 01:16:48 : STATEMENT : PDOStatement Object
(
    [queryString] => select m.pa_id, m.me_level, d.di_fr_short from menus m, dictionary d where m.di_name=d.di_name and m.me_level='1' order by m.me_id
)

2018-12-31 01:16:48 : STATEMENT : PDOStatement Object
(
    [queryString] => select m.me_id, m.me_level, d.di_fr_short, m.me_target, p.pa_filename, p.pa_id from  menus m, pages p, dictionary d where m.di_name=d.di_name and p.pa_id=m.pa_id and m.me_id<>m.pa_id and m.me_level>1 and m.pa_id=1
)

2018-12-31 01:16:48 : /usr/share/php/puzzle/ipz_menus.php:618:select d.di_name, p.pa_filename, m.me_charset, d.di_fr_short, d.di_fr_long from  pages p, menus m, dictionary d where m.di_name=d.di_name and p.di_name=m.di_name and p.pa_id=17 : 
2018-12-31 01:16:48 : STATEMENT : PDOStatement Object
(
    [queryString] => select d.di_name, p.pa_filename, m.me_charset, d.di_fr_short, d.di_fr_long from  pages p, menus m, dictionary d where m.di_name=d.di_name and p.di_name=m.di_name and p.pa_id=17
)

2018-12-31 01:16:48 : /usr/share/php/puzzle/ipz_menus.php:632 : Array
(
    [di_name] => home
    [pa_filename] => mkmain.php
    [me_charset] => utf8
    [di_fr_short] => Accueil
    [di_fr_long] => Page d'accueil
)

2018-12-31 01:16:48 : STATEMENT : PDOStatement Object
(
    [queryString] => select m.me_id from menus m, dictionary d where m.di_name=d.di_name and d.di_name like 'mk%' order by m.me_id
)

2018-12-31 01:16:50 : /usr/share/php/puzzle/ipz_menus.php:378:select m.pa_id, m.me_level, d.di_fr_short from menus m, dictionary d where m.di_name=d.di_name and m.me_level='1' order by m.me_id : 
2018-12-31 01:16:50 : LG : fr
2018-12-31 01:16:50 : STATEMENT : PDOStatement Object
(
    [queryString] => select m.pa_id, m.me_level, d.di_fr_short from menus m, dictionary d where m.di_name=d.di_name and m.me_level='1' order by m.me_id
)

2018-12-31 01:16:50 : STATEMENT : PDOStatement Object
(
    [queryString] => select m.me_id, m.me_level, d.di_fr_short, m.me_target, p.pa_filename, p.pa_id from  menus m, pages p, dictionary d where m.di_name=d.di_name and p.pa_id=m.pa_id and m.me_id<>m.pa_id and m.me_level>1 and m.pa_id=1
)

2018-12-31 01:16:50 : /usr/share/php/puzzle/ipz_menus.php:618:select d.di_name, p.pa_filename, m.me_charset, d.di_fr_short, d.di_fr_long from  pages p, menus m, dictionary d where m.di_name=d.di_name and p.di_name=m.di_name and p.pa_id=29 : 
2018-12-31 01:16:50 : STATEMENT : PDOStatement Object
(
    [queryString] => select d.di_name, p.pa_filename, m.me_charset, d.di_fr_short, d.di_fr_long from  pages p, menus m, dictionary d where m.di_name=d.di_name and p.di_name=m.di_name and p.pa_id=29
)

2018-12-31 01:16:50 : /usr/share/php/puzzle/ipz_menus.php:632 : Array
(
    [di_name] => mkscript
    [pa_filename] => mkscript.php
    [me_charset] => utf8
    [di_fr_short] => Créer un script
    [di_fr_long] => Créer un script à partir d'une table
)

2018-12-31 01:16:50 : STATEMENT : PDOStatement Object
(
    [queryString] => select m.me_id from menus m, dictionary d where m.di_name=d.di_name and d.di_name like 'mk%' order by m.me_id
)

2018-12-31 01:16:50 : STATEMENT : PDOStatement Object
(
    [queryString] => show databases
)

2018-12-31 01:16:50 : STATEMENT : PDOStatement Object
(
    [queryString] => show tables from webfactory
)

2018-12-31 01:16:50 : STATEMENT : PDOStatement Object
(
    [queryString] => select b.bl_id, d.di_fr_short from blocks b, dictionary d where b.di_name=d.di_name order by d.di_fr_short
)

2018-12-31 01:16:58 : /usr/share/php/puzzle/ipz_menus.php:378:select m.pa_id, m.me_level, d.di_fr_short from menus m, dictionary d where m.di_name=d.di_name and m.me_level='1' order by m.me_id : 
2018-12-31 01:16:58 : LG : fr
2018-12-31 01:16:58 : STATEMENT : PDOStatement Object
(
    [queryString] => select m.pa_id, m.me_level, d.di_fr_short from menus m, dictionary d where m.di_name=d.di_name and m.me_level='1' order by m.me_id
)

2018-12-31 01:16:58 : STATEMENT : PDOStatement Object
(
    [queryString] => select m.me_id, m.me_level, d.di_fr_short, m.me_target, p.pa_filename, p.pa_id from  menus m, pages p, dictionary d where m.di_name=d.di_name and p.pa_id=m.pa_id and m.me_id<>m.pa_id and m.me_level>1 and m.pa_id=1
)

2018-12-31 01:16:58 : /usr/share/php/puzzle/ipz_menus.php:618:select d.di_name, p.pa_filename, m.me_charset, d.di_fr_short, d.di_fr_long from  pages p, menus m, dictionary d where m.di_name=d.di_name and p.di_name=m.di_name and p.pa_id=29 : 
2018-12-31 01:16:58 : STATEMENT : PDOStatement Object
(
    [queryString] => select d.di_name, p.pa_filename, m.me_charset, d.di_fr_short, d.di_fr_long from  pages p, menus m, dictionary d where m.di_name=d.di_name and p.di_name=m.di_name and p.pa_id=29
)

2018-12-31 01:16:58 : /usr/share/php/puzzle/ipz_menus.php:632 : Array
(
    [di_name] => mkscript
    [pa_filename] => mkscript.php
    [me_charset] => utf8
    [di_fr_short] => Créer un script
    [di_fr_long] => Créer un script à partir d'une table
)

2018-12-31 01:16:58 : STATEMENT : PDOStatement Object
(
    [queryString] => select m.me_id from menus m, dictionary d where m.di_name=d.di_name and d.di_name like 'mk%' order by m.me_id
)

2018-12-31 01:16:58 : STATEMENT : PDOStatement Object
(
    [queryString] => show databases
)

2018-12-31 01:16:58 : STATEMENT : PDOStatement Object
(
    [queryString] => show tables from webfactory
)

2018-12-31 01:16:58 : STATEMENT : PDOStatement Object
(
    [queryString] => select b.bl_id, d.di_fr_short from blocks b, dictionary d where b.di_name=d.di_name order by d.di_fr_short
)

2018-12-31 01:17:08 : /usr/share/php/puzzle/ipz_menus.php:378:select m.pa_id, m.me_level, d.di_fr_short from menus m, dictionary d where m.di_name=d.di_name and m.me_level='1' order by m.me_id : 
2018-12-31 01:17:08 : LG : fr
2018-12-31 01:17:08 : STATEMENT : PDOStatement Object
(
    [queryString] => select m.pa_id, m.me_level, d.di_fr_short from menus m, dictionary d where m.di_name=d.di_name and m.me_level='1' order by m.me_id
)

2018-12-31 01:17:08 : STATEMENT : PDOStatement Object
(
    [queryString] => select m.me_id, m.me_level, d.di_fr_short, m.me_target, p.pa_filename, p.pa_id from  menus m, pages p, dictionary d where m.di_name=d.di_name and p.pa_id=m.pa_id and m.me_id<>m.pa_id and m.me_level>1 and m.pa_id=1
)

2018-12-31 01:17:08 : /usr/share/php/puzzle/ipz_menus.php:618:select d.di_name, p.pa_filename, m.me_charset, d.di_fr_short, d.di_fr_long from  pages p, menus m, dictionary d where m.di_name=d.di_name and p.di_name=m.di_name and p.pa_id=32 : 
2018-12-31 01:17:08 : STATEMENT : PDOStatement Object
(
    [queryString] => select d.di_name, p.pa_filename, m.me_charset, d.di_fr_short, d.di_fr_long from  pages p, menus m, dictionary d where m.di_name=d.di_name and p.di_name=m.di_name and p.pa_id=32
)

2018-12-31 01:17:08 : /usr/share/php/puzzle/ipz_menus.php:632 : Array
(
    [di_name] => mkfields
    [pa_filename] => mkfields.php
    [me_charset] => utf8
    [di_fr_short] => Champs
    [di_fr_long] => Champs de la table
)

2018-12-31 01:17:08 : STATEMENT : PDOStatement Object
(
    [queryString] => select * from members limit 0,1;
)

2018-12-31 01:18:19 : /usr/share/php/puzzle/ipz_menus.php:107:select pa_id from pages where pa_filename = 'mkmain.php' : 
2018-12-31 01:18:19 : LG : fr
2018-12-31 01:18:19 : STATEMENT : PDOStatement Object
(
    [queryString] => select pa_id from pages where pa_filename = 'mkmain.php'
)

2018-12-31 01:18:20 : /usr/share/php/puzzle/ipz_menus.php:378:select m.pa_id, m.me_level, d.di_fr_short from menus m, dictionary d where m.di_name=d.di_name and m.me_level='1' order by m.me_id : 
2018-12-31 01:18:20 : LG : fr
2018-12-31 01:18:20 : STATEMENT : PDOStatement Object
(
    [queryString] => select m.pa_id, m.me_level, d.di_fr_short from menus m, dictionary d where m.di_name=d.di_name and m.me_level='1' order by m.me_id
)

2018-12-31 01:18:20 : STATEMENT : PDOStatement Object
(
    [queryString] => select m.me_id, m.me_level, d.di_fr_short, m.me_target, p.pa_filename, p.pa_id from  menus m, pages p, dictionary d where m.di_name=d.di_name and p.pa_id=m.pa_id and m.me_id<>m.pa_id and m.me_level>1 and m.pa_id=1
)

2018-12-31 01:18:20 : /usr/share/php/puzzle/ipz_menus.php:618:select d.di_name, p.pa_filename, m.me_charset, d.di_fr_short, d.di_fr_long from  pages p, menus m, dictionary d where m.di_name=d.di_name and p.di_name=m.di_name and p.pa_id=17 : 
2018-12-31 01:18:20 : STATEMENT : PDOStatement Object
(
    [queryString] => select d.di_name, p.pa_filename, m.me_charset, d.di_fr_short, d.di_fr_long from  pages p, menus m, dictionary d where m.di_name=d.di_name and p.di_name=m.di_name and p.pa_id=17
)

2018-12-31 01:18:20 : /usr/share/php/puzzle/ipz_menus.php:632 : Array
(
    [di_name] => home
    [pa_filename] => mkmain.php
    [me_charset] => utf8
    [di_fr_short] => Accueil
    [di_fr_long] => Page d'accueil
)

2018-12-31 01:18:20 : STATEMENT : PDOStatement Object
(
    [queryString] => select m.me_id from menus m, dictionary d where m.di_name=d.di_name and d.di_name like 'mk%' order by m.me_id
)

2018-12-31 01:18:35 : /usr/share/php/puzzle/ipz_menus.php:107:select pa_id from pages where pa_filename = 'mkmain.php' : 
2018-12-31 01:18:35 : LG : fr
2018-12-31 01:18:35 : STATEMENT : PDOStatement Object
(
    [queryString] => select pa_id from pages where pa_filename = 'mkmain.php'
)

2018-12-31 01:21:43 : /usr/share/php/puzzle/ipz_menus.php:107:select pa_id from pages where pa_filename = 'mkmain.php' : 
2018-12-31 01:21:43 : LG : fr
2018-12-31 01:21:43 : STATEMENT : PDOStatement Object
(
    [queryString] => select pa_id from pages where pa_filename = 'mkmain.php'
)

2018-12-31 01:21:50 : /usr/share/php/puzzle/ipz_menus.php:378:select m.pa_id, m.me_level, d.di_fr_short from menus m, dictionary d where m.di_name=d.di_name and m.me_level='1' order by m.me_id : 
2018-12-31 01:21:50 : LG : fr
2018-12-31 01:21:50 : STATEMENT : PDOStatement Object
(
    [queryString] => select m.pa_id, m.me_level, d.di_fr_short from menus m, dictionary d where m.di_name=d.di_name and m.me_level='1' order by m.me_id
)

2018-12-31 01:21:50 : STATEMENT : PDOStatement Object
(
    [queryString] => select m.me_id, m.me_level, d.di_fr_short, m.me_target, p.pa_filename, p.pa_id from  menus m, pages p, dictionary d where m.di_name=d.di_name and p.pa_id=m.pa_id and m.me_id<>m.pa_id and m.me_level>1 and m.pa_id=1
)

2018-12-31 01:21:50 : /usr/share/php/puzzle/ipz_menus.php:618:select d.di_name, p.pa_filename, m.me_charset, d.di_fr_short, d.di_fr_long from  pages p, menus m, dictionary d where m.di_name=d.di_name and p.di_name=m.di_name and p.pa_id=17 : 
2018-12-31 01:21:50 : STATEMENT : PDOStatement Object
(
    [queryString] => select d.di_name, p.pa_filename, m.me_charset, d.di_fr_short, d.di_fr_long from  pages p, menus m, dictionary d where m.di_name=d.di_name and p.di_name=m.di_name and p.pa_id=17
)

2018-12-31 01:21:50 : /usr/share/php/puzzle/ipz_menus.php:632 : Array
(
    [di_name] => home
    [pa_filename] => mkmain.php
    [me_charset] => utf8
    [di_fr_short] => Accueil
    [di_fr_long] => Page d'accueil
)

2018-12-31 01:21:50 : STATEMENT : PDOStatement Object
(
    [queryString] => select m.me_id from menus m, dictionary d where m.di_name=d.di_name and d.di_name like 'mk%' order by m.me_id
)

2018-12-31 01:21:57 : /usr/share/php/puzzle/ipz_menus.php:378:select m.pa_id, m.me_level, d.di_fr_short from menus m, dictionary d where m.di_name=d.di_name and m.me_level='1' order by m.me_id : 
2018-12-31 01:21:57 : LG : fr
2018-12-31 01:21:57 : STATEMENT : PDOStatement Object
(
    [queryString] => select m.pa_id, m.me_level, d.di_fr_short from menus m, dictionary d where m.di_name=d.di_name and m.me_level='1' order by m.me_id
)

2018-12-31 01:21:57 : STATEMENT : PDOStatement Object
(
    [queryString] => select m.me_id, m.me_level, d.di_fr_short, m.me_target, p.pa_filename, p.pa_id from  menus m, pages p, dictionary d where m.di_name=d.di_name and p.pa_id=m.pa_id and m.me_id<>m.pa_id and m.me_level>1 and m.pa_id=1
)

2018-12-31 01:21:57 : /usr/share/php/puzzle/ipz_menus.php:618:select d.di_name, p.pa_filename, m.me_charset, d.di_fr_short, d.di_fr_long from  pages p, menus m, dictionary d where m.di_name=d.di_name and p.di_name=m.di_name and p.pa_id=29 : 
2018-12-31 01:21:57 : STATEMENT : PDOStatement Object
(
    [queryString] => select d.di_name, p.pa_filename, m.me_charset, d.di_fr_short, d.di_fr_long from  pages p, menus m, dictionary d where m.di_name=d.di_name and p.di_name=m.di_name and p.pa_id=29
)

2018-12-31 01:21:57 : /usr/share/php/puzzle/ipz_menus.php:632 : Array
(
    [di_name] => mkscript
    [pa_filename] => mkscript.php
    [me_charset] => utf8
    [di_fr_short] => Créer un script
    [di_fr_long] => Créer un script à partir d'une table
)

2018-12-31 01:21:58 : STATEMENT : PDOStatement Object
(
    [queryString] => select m.me_id from menus m, dictionary d where m.di_name=d.di_name and d.di_name like 'mk%' order by m.me_id
)

2018-12-31 01:21:58 : STATEMENT : PDOStatement Object
(
    [queryString] => show databases
)

2018-12-31 01:21:58 : STATEMENT : PDOStatement Object
(
    [queryString] => show tables from webfactory
)

2018-12-31 01:21:58 : STATEMENT : PDOStatement Object
(
    [queryString] => select b.bl_id, d.di_fr_short from blocks b, dictionary d where b.di_name=d.di_name order by d.di_fr_short
)

2018-12-31 01:22:13 : /usr/share/php/puzzle/ipz_menus.php:378:select m.pa_id, m.me_level, d.di_fr_short from menus m, dictionary d where m.di_name=d.di_name and m.me_level='1' order by m.me_id : 
2018-12-31 01:22:13 : LG : fr
2018-12-31 01:22:13 : STATEMENT : PDOStatement Object
(
    [queryString] => select m.pa_id, m.me_level, d.di_fr_short from menus m, dictionary d where m.di_name=d.di_name and m.me_level='1' order by m.me_id
)

2018-12-31 01:22:13 : STATEMENT : PDOStatement Object
(
    [queryString] => select m.me_id, m.me_level, d.di_fr_short, m.me_target, p.pa_filename, p.pa_id from  menus m, pages p, dictionary d where m.di_name=d.di_name and p.pa_id=m.pa_id and m.me_id<>m.pa_id and m.me_level>1 and m.pa_id=1
)

2018-12-31 01:22:13 : /usr/share/php/puzzle/ipz_menus.php:618:select d.di_name, p.pa_filename, m.me_charset, d.di_fr_short, d.di_fr_long from  pages p, menus m, dictionary d where m.di_name=d.di_name and p.di_name=m.di_name and p.pa_id=29 : 
2018-12-31 01:22:13 : STATEMENT : PDOStatement Object
(
    [queryString] => select d.di_name, p.pa_filename, m.me_charset, d.di_fr_short, d.di_fr_long from  pages p, menus m, dictionary d where m.di_name=d.di_name and p.di_name=m.di_name and p.pa_id=29
)

2018-12-31 01:22:13 : /usr/share/php/puzzle/ipz_menus.php:632 : Array
(
    [di_name] => mkscript
    [pa_filename] => mkscript.php
    [me_charset] => utf8
    [di_fr_short] => Créer un script
    [di_fr_long] => Créer un script à partir d'une table
)

2018-12-31 01:22:13 : STATEMENT : PDOStatement Object
(
    [queryString] => select m.me_id from menus m, dictionary d where m.di_name=d.di_name and d.di_name like 'mk%' order by m.me_id
)

2018-12-31 01:22:14 : STATEMENT : PDOStatement Object
(
    [queryString] => show databases
)

2018-12-31 01:22:14 : STATEMENT : PDOStatement Object
(
    [queryString] => show tables from webfactory
)

2018-12-31 01:22:14 : STATEMENT : PDOStatement Object
(
    [queryString] => select b.bl_id, d.di_fr_short from blocks b, dictionary d where b.di_name=d.di_name order by d.di_fr_short
)

2018-12-31 01:22:24 : /usr/share/php/puzzle/ipz_menus.php:378:select m.pa_id, m.me_level, d.di_fr_short from menus m, dictionary d where m.di_name=d.di_name and m.me_level='1' order by m.me_id : 
2018-12-31 01:22:24 : LG : fr
2018-12-31 01:22:24 : STATEMENT : PDOStatement Object
(
    [queryString] => select m.pa_id, m.me_level, d.di_fr_short from menus m, dictionary d where m.di_name=d.di_name and m.me_level='1' order by m.me_id
)

2018-12-31 01:22:24 : STATEMENT : PDOStatement Object
(
    [queryString] => select m.me_id, m.me_level, d.di_fr_short, m.me_target, p.pa_filename, p.pa_id from  menus m, pages p, dictionary d where m.di_name=d.di_name and p.pa_id=m.pa_id and m.me_id<>m.pa_id and m.me_level>1 and m.pa_id=1
)

2018-12-31 01:22:24 : /usr/share/php/puzzle/ipz_menus.php:618:select d.di_name, p.pa_filename, m.me_charset, d.di_fr_short, d.di_fr_long from  pages p, menus m, dictionary d where m.di_name=d.di_name and p.di_name=m.di_name and p.pa_id=32 : 
2018-12-31 01:22:24 : STATEMENT : PDOStatement Object
(
    [queryString] => select d.di_name, p.pa_filename, m.me_charset, d.di_fr_short, d.di_fr_long from  pages p, menus m, dictionary d where m.di_name=d.di_name and p.di_name=m.di_name and p.pa_id=32
)

2018-12-31 01:22:24 : /usr/share/php/puzzle/ipz_menus.php:632 : Array
(
    [di_name] => mkfields
    [pa_filename] => mkfields.php
    [me_charset] => utf8
    [di_fr_short] => Champs
    [di_fr_long] => Champs de la table
)

2018-12-31 01:22:24 : STATEMENT : PDOStatement Object
(
    [queryString] => select * from members limit 0,1;
)

2018-12-31 01:24:11 : /usr/share/php/puzzle/ipz_menus.php:107:select pa_id from pages where pa_filename = 'mkmain.php' : 
2018-12-31 01:24:11 : LG : fr
2018-12-31 01:24:11 : STATEMENT : PDOStatement Object
(
    [queryString] => select pa_id from pages where pa_filename = 'mkmain.php'
)

2018-12-31 01:24:14 : /usr/share/php/puzzle/ipz_menus.php:378:select m.pa_id, m.me_level, d.di_fr_short from menus m, dictionary d where m.di_name=d.di_name and m.me_level='1' order by m.me_id : 
2018-12-31 01:24:14 : LG : fr
2018-12-31 01:24:14 : STATEMENT : PDOStatement Object
(
    [queryString] => select m.pa_id, m.me_level, d.di_fr_short from menus m, dictionary d where m.di_name=d.di_name and m.me_level='1' order by m.me_id
)

2018-12-31 01:24:14 : STATEMENT : PDOStatement Object
(
    [queryString] => select m.me_id, m.me_level, d.di_fr_short, m.me_target, p.pa_filename, p.pa_id from  menus m, pages p, dictionary d where m.di_name=d.di_name and p.pa_id=m.pa_id and m.me_id<>m.pa_id and m.me_level>1 and m.pa_id=1
)

2018-12-31 01:24:14 : /usr/share/php/puzzle/ipz_menus.php:618:select d.di_name, p.pa_filename, m.me_charset, d.di_fr_short, d.di_fr_long from  pages p, menus m, dictionary d where m.di_name=d.di_name and p.di_name=m.di_name and p.pa_id=17 : 
2018-12-31 01:24:14 : STATEMENT : PDOStatement Object
(
    [queryString] => select d.di_name, p.pa_filename, m.me_charset, d.di_fr_short, d.di_fr_long from  pages p, menus m, dictionary d where m.di_name=d.di_name and p.di_name=m.di_name and p.pa_id=17
)

2018-12-31 01:24:14 : /usr/share/php/puzzle/ipz_menus.php:632 : Array
(
    [di_name] => home
    [pa_filename] => mkmain.php
    [me_charset] => utf8
    [di_fr_short] => Accueil
    [di_fr_long] => Page d'accueil
)

2018-12-31 01:24:14 : STATEMENT : PDOStatement Object
(
    [queryString] => select m.me_id from menus m, dictionary d where m.di_name=d.di_name and d.di_name like 'mk%' order by m.me_id
)

2018-12-31 01:24:15 : /usr/share/php/puzzle/ipz_menus.php:378:select m.pa_id, m.me_level, d.di_fr_short from menus m, dictionary d where m.di_name=d.di_name and m.me_level='1' order by m.me_id : 
2018-12-31 01:24:15 : LG : fr
2018-12-31 01:24:15 : STATEMENT : PDOStatement Object
(
    [queryString] => select m.pa_id, m.me_level, d.di_fr_short from menus m, dictionary d where m.di_name=d.di_name and m.me_level='1' order by m.me_id
)

2018-12-31 01:24:15 : STATEMENT : PDOStatement Object
(
    [queryString] => select m.me_id, m.me_level, d.di_fr_short, m.me_target, p.pa_filename, p.pa_id from  menus m, pages p, dictionary d where m.di_name=d.di_name and p.pa_id=m.pa_id and m.me_id<>m.pa_id and m.me_level>1 and m.pa_id=1
)

2018-12-31 01:24:15 : /usr/share/php/puzzle/ipz_menus.php:618:select d.di_name, p.pa_filename, m.me_charset, d.di_fr_short, d.di_fr_long from  pages p, menus m, dictionary d where m.di_name=d.di_name and p.di_name=m.di_name and p.pa_id=29 : 
2018-12-31 01:24:15 : STATEMENT : PDOStatement Object
(
    [queryString] => select d.di_name, p.pa_filename, m.me_charset, d.di_fr_short, d.di_fr_long from  pages p, menus m, dictionary d where m.di_name=d.di_name and p.di_name=m.di_name and p.pa_id=29
)

2018-12-31 01:24:15 : /usr/share/php/puzzle/ipz_menus.php:632 : Array
(
    [di_name] => mkscript
    [pa_filename] => mkscript.php
    [me_charset] => utf8
    [di_fr_short] => Créer un script
    [di_fr_long] => Créer un script à partir d'une table
)

2018-12-31 01:24:15 : STATEMENT : PDOStatement Object
(
    [queryString] => select m.me_id from menus m, dictionary d where m.di_name=d.di_name and d.di_name like 'mk%' order by m.me_id
)

2018-12-31 01:24:15 : STATEMENT : PDOStatement Object
(
    [queryString] => show databases
)

2018-12-31 01:24:15 : STATEMENT : PDOStatement Object
(
    [queryString] => show tables from webfactory
)

2018-12-31 01:24:15 : STATEMENT : PDOStatement Object
(
    [queryString] => select b.bl_id, d.di_fr_short from blocks b, dictionary d where b.di_name=d.di_name order by d.di_fr_short
)

2018-12-31 01:24:18 : /usr/share/php/puzzle/ipz_menus.php:378:select m.pa_id, m.me_level, d.di_fr_short from menus m, dictionary d where m.di_name=d.di_name and m.me_level='1' order by m.me_id : 
2018-12-31 01:24:18 : LG : fr
2018-12-31 01:24:18 : STATEMENT : PDOStatement Object
(
    [queryString] => select m.pa_id, m.me_level, d.di_fr_short from menus m, dictionary d where m.di_name=d.di_name and m.me_level='1' order by m.me_id
)

2018-12-31 01:24:18 : STATEMENT : PDOStatement Object
(
    [queryString] => select m.me_id, m.me_level, d.di_fr_short, m.me_target, p.pa_filename, p.pa_id from  menus m, pages p, dictionary d where m.di_name=d.di_name and p.pa_id=m.pa_id and m.me_id<>m.pa_id and m.me_level>1 and m.pa_id=1
)

2018-12-31 01:24:18 : /usr/share/php/puzzle/ipz_menus.php:618:select d.di_name, p.pa_filename, m.me_charset, d.di_fr_short, d.di_fr_long from  pages p, menus m, dictionary d where m.di_name=d.di_name and p.di_name=m.di_name and p.pa_id=29 : 
2018-12-31 01:24:18 : STATEMENT : PDOStatement Object
(
    [queryString] => select d.di_name, p.pa_filename, m.me_charset, d.di_fr_short, d.di_fr_long from  pages p, menus m, dictionary d where m.di_name=d.di_name and p.di_name=m.di_name and p.pa_id=29
)

2018-12-31 01:24:18 : /usr/share/php/puzzle/ipz_menus.php:632 : Array
(
    [di_name] => mkscript
    [pa_filename] => mkscript.php
    [me_charset] => utf8
    [di_fr_short] => Créer un script
    [di_fr_long] => Créer un script à partir d'une table
)

2018-12-31 01:24:18 : STATEMENT : PDOStatement Object
(
    [queryString] => select m.me_id from menus m, dictionary d where m.di_name=d.di_name and d.di_name like 'mk%' order by m.me_id
)

2018-12-31 01:24:19 : STATEMENT : PDOStatement Object
(
    [queryString] => show databases
)

2018-12-31 01:24:19 : STATEMENT : PDOStatement Object
(
    [queryString] => show tables from webfactory
)

2018-12-31 01:24:19 : STATEMENT : PDOStatement Object
(
    [queryString] => select b.bl_id, d.di_fr_short from blocks b, dictionary d where b.di_name=d.di_name order by d.di_fr_short
)

2018-12-31 01:24:25 : /usr/share/php/puzzle/ipz_menus.php:378:select m.pa_id, m.me_level, d.di_fr_short from menus m, dictionary d where m.di_name=d.di_name and m.me_level='1' order by m.me_id : 
2018-12-31 01:24:25 : LG : fr
2018-12-31 01:24:25 : STATEMENT : PDOStatement Object
(
    [queryString] => select m.pa_id, m.me_level, d.di_fr_short from menus m, dictionary d where m.di_name=d.di_name and m.me_level='1' order by m.me_id
)

2018-12-31 01:24:25 : STATEMENT : PDOStatement Object
(
    [queryString] => select m.me_id, m.me_level, d.di_fr_short, m.me_target, p.pa_filename, p.pa_id from  menus m, pages p, dictionary d where m.di_name=d.di_name and p.pa_id=m.pa_id and m.me_id<>m.pa_id and m.me_level>1 and m.pa_id=1
)

2018-12-31 01:24:25 : /usr/share/php/puzzle/ipz_menus.php:618:select d.di_name, p.pa_filename, m.me_charset, d.di_fr_short, d.di_fr_long from  pages p, menus m, dictionary d where m.di_name=d.di_name and p.di_name=m.di_name and p.pa_id=32 : 
2018-12-31 01:24:25 : STATEMENT : PDOStatement Object
(
    [queryString] => select d.di_name, p.pa_filename, m.me_charset, d.di_fr_short, d.di_fr_long from  pages p, menus m, dictionary d where m.di_name=d.di_name and p.di_name=m.di_name and p.pa_id=32
)

2018-12-31 01:24:25 : /usr/share/php/puzzle/ipz_menus.php:632 : Array
(
    [di_name] => mkfields
    [pa_filename] => mkfields.php
    [me_charset] => utf8
    [di_fr_short] => Champs
    [di_fr_long] => Champs de la table
)

2018-12-31 01:24:25 : STATEMENT : PDOStatement Object
(
    [queryString] => select * from bugreport limit 0,1;
)

2018-12-31 01:24:25 : STATEMENT : PDOStatement Object
(
    [queryString] => show tables from webfactory;
)

2018-12-31 01:24:25 : STATEMENT : PDOStatement Object
(
    [queryString] => show fields from applications;
)

2018-12-31 01:24:25 : STATEMENT : PDOStatement Object
(
    [queryString] => show fields from blocks;
)

2018-12-31 01:24:25 : STATEMENT : PDOStatement Object
(
    [queryString] => show fields from bugreport;
)

2018-12-31 01:24:25 : STATEMENT : PDOStatement Object
(
    [queryString] => show fields from changelog;
)

2018-12-31 01:24:25 : STATEMENT : PDOStatement Object
(
    [queryString] => show fields from db;
)

2018-12-31 01:24:25 : STATEMENT : PDOStatement Object
(
    [queryString] => show fields from dictionary;
)

2018-12-31 01:24:25 : STATEMENT : PDOStatement Object
(
    [queryString] => show fields from forums;
)

2018-12-31 01:24:25 : STATEMENT : PDOStatement Object
(
    [queryString] => show fields from graph_texts;
)

2018-12-31 01:24:25 : STATEMENT : PDOStatement Object
(
    [queryString] => show fields from groups;
)

2018-12-31 01:24:25 : STATEMENT : PDOStatement Object
(
    [queryString] => show fields from images;
)

2018-12-31 01:24:25 : STATEMENT : PDOStatement Object
(
    [queryString] => show fields from members;
)

2018-12-31 01:24:25 : STATEMENT : PDOStatement Object
(
    [queryString] => show fields from members
)

2018-12-31 01:31:18 : /usr/share/php/puzzle/ipz_menus.php:378:select m.pa_id, m.me_level, d.di_fr_short from menus m, dictionary d where m.di_name=d.di_name and m.me_level='1' order by m.me_id : 
2018-12-31 01:31:18 : LG : fr
2018-12-31 01:31:18 : STATEMENT : PDOStatement Object
(
    [queryString] => select m.pa_id, m.me_level, d.di_fr_short from menus m, dictionary d where m.di_name=d.di_name and m.me_level='1' order by m.me_id
)

2018-12-31 01:31:18 : STATEMENT : PDOStatement Object
(
    [queryString] => select m.me_id, m.me_level, d.di_fr_short, m.me_target, p.pa_filename, p.pa_id from  menus m, pages p, dictionary d where m.di_name=d.di_name and p.pa_id=m.pa_id and m.me_id<>m.pa_id and m.me_level>1 and m.pa_id=1
)

2018-12-31 01:31:18 : /usr/share/php/puzzle/ipz_menus.php:618:select d.di_name, p.pa_filename, m.me_charset, d.di_fr_short, d.di_fr_long from  pages p, menus m, dictionary d where m.di_name=d.di_name and p.di_name=m.di_name and p.pa_id=33 : 
2018-12-31 01:31:18 : STATEMENT : PDOStatement Object
(
    [queryString] => select d.di_name, p.pa_filename, m.me_charset, d.di_fr_short, d.di_fr_long from  pages p, menus m, dictionary d where m.di_name=d.di_name and p.di_name=m.di_name and p.pa_id=33
)

2018-12-31 01:31:18 : /usr/share/php/puzzle/ipz_menus.php:632 : Array
(
    [di_name] => mkfile
    [pa_filename] => mkfile.php
    [me_charset] => utf8
    [di_fr_short] => Fichier
    [di_fr_long] => Création du fichier
)

2018-12-31 01:31:18 : STATEMENT : PDOStatement Object
(
    [queryString] => select * from bugreport limit 0,1;
)

2018-12-31 01:31:18 : STATEMENT : PDOStatement Object
(
    [queryString] => show tables from webfactory;
)

2018-12-31 01:31:18 : STATEMENT : PDOStatement Object
(
    [queryString] => show fields from applications;
)

2018-12-31 01:31:18 : STATEMENT : PDOStatement Object
(
    [queryString] => show fields from blocks;
)

2018-12-31 01:31:18 : STATEMENT : PDOStatement Object
(
    [queryString] => show fields from bugreport;
)

2018-12-31 01:31:18 : STATEMENT : PDOStatement Object
(
    [queryString] => show fields from changelog;
)

2018-12-31 01:31:18 : STATEMENT : PDOStatement Object
(
    [queryString] => show fields from db;
)

2018-12-31 01:31:18 : STATEMENT : PDOStatement Object
(
    [queryString] => show fields from dictionary;
)

2018-12-31 01:31:18 : STATEMENT : PDOStatement Object
(
    [queryString] => show fields from forums;
)

2018-12-31 01:31:18 : STATEMENT : PDOStatement Object
(
    [queryString] => show fields from graph_texts;
)

2018-12-31 01:31:18 : STATEMENT : PDOStatement Object
(
    [queryString] => show fields from groups;
)

2018-12-31 01:31:18 : STATEMENT : PDOStatement Object
(
    [queryString] => show fields from images;
)

2018-12-31 01:31:18 : STATEMENT : PDOStatement Object
(
    [queryString] => show fields from members;
)

2018-12-31 01:31:18 : STATEMENT : PDOStatement Object
(
    [queryString] => show fields from members
)

2018-12-31 01:31:18 : STATEMENT : PDOStatement Object
(
    [queryString] => show fields from bugreport;
)

2018-12-31 02:14:31 : /usr/share/php/puzzle/ipz_menus.php:107:select pa_id from pages where pa_filename = 'mkmain.php' : 
2018-12-31 02:14:31 : LG : fr
2018-12-31 02:14:31 : STATEMENT : PDOStatement Object
(
    [queryString] => select pa_id from pages where pa_filename = 'mkmain.php'
)

2018-12-31 10:15:11 : /usr/share/php/puzzle/ipz_menus.php:378:select m.pa_id, m.me_level, d.di_fr_short from menus m, dictionary d where m.di_name=d.di_name and m.me_level='1' order by m.me_id : 
2018-12-31 10:15:11 : LG : fr
2018-12-31 10:15:11 : /usr/share/php/puzzle/ipz_menus.php:618:select d.di_name, p.pa_filename, m.me_charset, d.di_fr_short, d.di_fr_long from  pages p, menus m, dictionary d where m.di_name=d.di_name and p.di_name=m.di_name and p.pa_id=17 : 
2018-12-31 10:15:11 : /usr/share/php/puzzle/ipz_menus.php:632 : Array
(
    [di_name] => home
    [pa_filename] => mkmain.php
    [me_charset] => utf8
    [di_fr_short] => Accueil
    [di_fr_long] => Page d'accueil
)

2018-12-31 11:40:41 : /usr/share/php/puzzle/ipz_menus.php:378:select m.pa_id, m.me_level, d.di_fr_short from menus m, dictionary d where m.di_name=d.di_name and m.me_level='1' order by m.me_id : 
2018-12-31 11:40:41 : LG : fr
2018-12-31 11:40:41 : /usr/share/php/puzzle/ipz_menus.php:618:select d.di_name, p.pa_filename, m.me_charset, d.di_fr_short, d.di_fr_long from  pages p, menus m, dictionary d where m.di_name=d.di_name and p.di_name=m.di_name and p.pa_id=29 : 
2018-12-31 11:40:41 : /usr/share/php/puzzle/ipz_menus.php:632 : Array
(
    [di_name] => mkscript
    [pa_filename] => mkscript.php
    [me_charset] => utf8
    [di_fr_short] => Créer un script
    [di_fr_long] => Créer un script à partir d'une table
)

2018-12-31 11:40:51 : /usr/share/php/puzzle/ipz_menus.php:378:select m.pa_id, m.me_level, d.di_fr_short from menus m, dictionary d where m.di_name=d.di_name and m.me_level='1' order by m.me_id : 
2018-12-31 11:40:51 : LG : fr
2018-12-31 11:40:51 : /usr/share/php/puzzle/ipz_menus.php:618:select d.di_name, p.pa_filename, m.me_charset, d.di_fr_short, d.di_fr_long from  pages p, menus m, dictionary d where m.di_name=d.di_name and p.di_name=m.di_name and p.pa_id=29 : 
2018-12-31 11:40:51 : /usr/share/php/puzzle/ipz_menus.php:632 : Array
(
    [di_name] => mkscript
    [pa_filename] => mkscript.php
    [me_charset] => utf8
    [di_fr_short] => Créer un script
    [di_fr_long] => Créer un script à partir d'une table
)

2018-12-31 11:40:54 : /usr/share/php/puzzle/ipz_menus.php:378:select m.pa_id, m.me_level, d.di_fr_short from menus m, dictionary d where m.di_name=d.di_name and m.me_level='1' order by m.me_id : 
2018-12-31 11:40:54 : LG : fr
2018-12-31 11:40:54 : /usr/share/php/puzzle/ipz_menus.php:618:select d.di_name, p.pa_filename, m.me_charset, d.di_fr_short, d.di_fr_long from  pages p, menus m, dictionary d where m.di_name=d.di_name and p.di_name=m.di_name and p.pa_id=32 : 
2018-12-31 11:40:54 : /usr/share/php/puzzle/ipz_menus.php:632 : Array
(
    [di_name] => mkfields
    [pa_filename] => mkfields.php
    [me_charset] => utf8
    [di_fr_short] => Champs
    [di_fr_long] => Champs de la table
)

2018-12-31 11:41:25 : /usr/share/php/puzzle/ipz_menus.php:378:select m.pa_id, m.me_level, d.di_fr_short from menus m, dictionary d where m.di_name=d.di_name and m.me_level='1' order by m.me_id : 
2018-12-31 11:41:25 : LG : fr
2018-12-31 11:41:25 : /usr/share/php/puzzle/ipz_menus.php:618:select d.di_name, p.pa_filename, m.me_charset, d.di_fr_short, d.di_fr_long from  pages p, menus m, dictionary d where m.di_name=d.di_name and p.di_name=m.di_name and p.pa_id=29 : 
2018-12-31 11:41:25 : /usr/share/php/puzzle/ipz_menus.php:632 : Array
(
    [di_name] => mkscript
    [pa_filename] => mkscript.php
    [me_charset] => utf8
    [di_fr_short] => Créer un script
    [di_fr_long] => Créer un script à partir d'une table
)

2018-12-31 11:41:27 : /usr/share/php/puzzle/ipz_menus.php:378:select m.pa_id, m.me_level, d.di_fr_short from menus m, dictionary d where m.di_name=d.di_name and m.me_level='1' order by m.me_id : 
2018-12-31 11:41:27 : LG : fr
2018-12-31 11:41:27 : /usr/share/php/puzzle/ipz_menus.php:618:select d.di_name, p.pa_filename, m.me_charset, d.di_fr_short, d.di_fr_long from  pages p, menus m, dictionary d where m.di_name=d.di_name and p.di_name=m.di_name and p.pa_id=32 : 
2018-12-31 11:41:27 : /usr/share/php/puzzle/ipz_menus.php:632 : Array
(
    [di_name] => mkfields
    [pa_filename] => mkfields.php
    [me_charset] => utf8
    [di_fr_short] => Champs
    [di_fr_long] => Champs de la table
)

2018-12-31 11:41:47 : /usr/share/php/puzzle/ipz_menus.php:378:select m.pa_id, m.me_level, d.di_fr_short from menus m, dictionary d where m.di_name=d.di_name and m.me_level='1' order by m.me_id : 
2018-12-31 11:41:47 : LG : fr
2018-12-31 11:41:47 : /usr/share/php/puzzle/ipz_menus.php:618:select d.di_name, p.pa_filename, m.me_charset, d.di_fr_short, d.di_fr_long from  pages p, menus m, dictionary d where m.di_name=d.di_name and p.di_name=m.di_name and p.pa_id=29 : 
2018-12-31 11:41:47 : /usr/share/php/puzzle/ipz_menus.php:632 : Array
(
    [di_name] => mkscript
    [pa_filename] => mkscript.php
    [me_charset] => utf8
    [di_fr_short] => Créer un script
    [di_fr_long] => Créer un script à partir d'une table
)

2018-12-31 11:41:59 : /usr/share/php/puzzle/ipz_menus.php:378:select m.pa_id, m.me_level, d.di_fr_short from menus m, dictionary d where m.di_name=d.di_name and m.me_level='1' order by m.me_id : 
2018-12-31 11:41:59 : LG : fr
2018-12-31 11:41:59 : /usr/share/php/puzzle/ipz_menus.php:618:select d.di_name, p.pa_filename, m.me_charset, d.di_fr_short, d.di_fr_long from  pages p, menus m, dictionary d where m.di_name=d.di_name and p.di_name=m.di_name and p.pa_id=32 : 
2018-12-31 11:41:59 : /usr/share/php/puzzle/ipz_menus.php:632 : Array
(
    [di_name] => mkfields
    [pa_filename] => mkfields.php
    [me_charset] => utf8
    [di_fr_short] => Champs
    [di_fr_long] => Champs de la table
)

2018-12-31 11:48:20 : /usr/share/php/puzzle/ipz_menus.php:378:select m.pa_id, m.me_level, d.di_fr_short from menus m, dictionary d where m.di_name=d.di_name and m.me_level='1' order by m.me_id : 
2018-12-31 11:48:20 : LG : fr
2018-12-31 11:48:20 : /usr/share/php/puzzle/ipz_menus.php:618:select d.di_name, p.pa_filename, m.me_charset, d.di_fr_short, d.di_fr_long from  pages p, menus m, dictionary d where m.di_name=d.di_name and p.di_name=m.di_name and p.pa_id=29 : 
2018-12-31 11:48:20 : /usr/share/php/puzzle/ipz_menus.php:632 : Array
(
    [di_name] => mkscript
    [pa_filename] => mkscript.php
    [me_charset] => utf8
    [di_fr_short] => Créer un script
    [di_fr_long] => Créer un script à partir d'une table
)

2018-12-31 11:48:29 : /usr/share/php/puzzle/ipz_menus.php:378:select m.pa_id, m.me_level, d.di_fr_short from menus m, dictionary d where m.di_name=d.di_name and m.me_level='1' order by m.me_id : 
2018-12-31 11:48:29 : LG : fr
2018-12-31 11:48:29 : /usr/share/php/puzzle/ipz_menus.php:618:select d.di_name, p.pa_filename, m.me_charset, d.di_fr_short, d.di_fr_long from  pages p, menus m, dictionary d where m.di_name=d.di_name and p.di_name=m.di_name and p.pa_id=32 : 
2018-12-31 11:48:29 : /usr/share/php/puzzle/ipz_menus.php:632 : Array
(
    [di_name] => mkfields
    [pa_filename] => mkfields.php
    [me_charset] => utf8
    [di_fr_short] => Champs
    [di_fr_long] => Champs de la table
)

2018-12-31 11:49:33 : /usr/share/php/puzzle/ipz_menus.php:378:select m.pa_id, m.me_level, d.di_fr_short from menus m, dictionary d where m.di_name=d.di_name and m.me_level='1' order by m.me_id : 
2018-12-31 11:49:33 : LG : fr
2018-12-31 11:49:33 : /usr/share/php/puzzle/ipz_menus.php:618:select d.di_name, p.pa_filename, m.me_charset, d.di_fr_short, d.di_fr_long from  pages p, menus m, dictionary d where m.di_name=d.di_name and p.di_name=m.di_name and p.pa_id=29 : 
2018-12-31 11:49:33 : /usr/share/php/puzzle/ipz_menus.php:632 : Array
(
    [di_name] => mkscript
    [pa_filename] => mkscript.php
    [me_charset] => utf8
    [di_fr_short] => Créer un script
    [di_fr_long] => Créer un script à partir d'une table
)

2018-12-31 11:49:53 : /usr/share/php/puzzle/ipz_menus.php:378:select m.pa_id, m.me_level, d.di_fr_short from menus m, dictionary d where m.di_name=d.di_name and m.me_level='1' order by m.me_id : 
2018-12-31 11:49:53 : LG : fr
2018-12-31 11:49:53 : /usr/share/php/puzzle/ipz_menus.php:618:select d.di_name, p.pa_filename, m.me_charset, d.di_fr_short, d.di_fr_long from  pages p, menus m, dictionary d where m.di_name=d.di_name and p.di_name=m.di_name and p.pa_id=32 : 
2018-12-31 11:49:53 : /usr/share/php/puzzle/ipz_menus.php:632 : Array
(
    [di_name] => mkfields
    [pa_filename] => mkfields.php
    [me_charset] => utf8
    [di_fr_short] => Champs
    [di_fr_long] => Champs de la table
)

2018-12-31 11:50:27 : /usr/share/php/puzzle/ipz_menus.php:378:select m.pa_id, m.me_level, d.di_fr_short from menus m, dictionary d where m.di_name=d.di_name and m.me_level='1' order by m.me_id : 
2018-12-31 11:50:27 : LG : fr
2018-12-31 11:50:27 : /usr/share/php/puzzle/ipz_menus.php:618:select d.di_name, p.pa_filename, m.me_charset, d.di_fr_short, d.di_fr_long from  pages p, menus m, dictionary d where m.di_name=d.di_name and p.di_name=m.di_name and p.pa_id=29 : 
2018-12-31 11:50:27 : /usr/share/php/puzzle/ipz_menus.php:632 : Array
(
    [di_name] => mkscript
    [pa_filename] => mkscript.php
    [me_charset] => utf8
    [di_fr_short] => Créer un script
    [di_fr_long] => Créer un script à partir d'une table
)

2018-12-31 11:50:37 : /usr/share/php/puzzle/ipz_menus.php:378:select m.pa_id, m.me_level, d.di_fr_short from menus m, dictionary d where m.di_name=d.di_name and m.me_level='1' order by m.me_id : 
2018-12-31 11:50:37 : LG : fr
2018-12-31 11:50:37 : /usr/share/php/puzzle/ipz_menus.php:618:select d.di_name, p.pa_filename, m.me_charset, d.di_fr_short, d.di_fr_long from  pages p, menus m, dictionary d where m.di_name=d.di_name and p.di_name=m.di_name and p.pa_id=32 : 
2018-12-31 11:50:37 : /usr/share/php/puzzle/ipz_menus.php:632 : Array
(
    [di_name] => mkfields
    [pa_filename] => mkfields.php
    [me_charset] => utf8
    [di_fr_short] => Champs
    [di_fr_long] => Champs de la table
)

2018-12-31 11:51:00 : /usr/share/php/puzzle/ipz_menus.php:378:select m.pa_id, m.me_level, d.di_fr_short from menus m, dictionary d where m.di_name=d.di_name and m.me_level='1' order by m.me_id : 
2018-12-31 11:51:00 : LG : fr
2018-12-31 11:51:00 : /usr/share/php/puzzle/ipz_menus.php:618:select d.di_name, p.pa_filename, m.me_charset, d.di_fr_short, d.di_fr_long from  pages p, menus m, dictionary d where m.di_name=d.di_name and p.di_name=m.di_name and p.pa_id=33 : 
2018-12-31 11:51:00 : /usr/share/php/puzzle/ipz_menus.php:632 : Array
(
    [di_name] => mkfile
    [pa_filename] => mkfile.php
    [me_charset] => utf8
    [di_fr_short] => Fichier
    [di_fr_long] => Création du fichier
)

2018-12-31 12:03:08 : /usr/share/php/puzzle/ipz_menus.php:378:select m.pa_id, m.me_level, d.di_fr_short from menus m, dictionary d where m.di_name=d.di_name and m.me_level='1' order by m.me_id : 
2018-12-31 12:03:08 : LG : fr
2018-12-31 12:03:08 : /usr/share/php/puzzle/ipz_menus.php:618:select d.di_name, p.pa_filename, m.me_charset, d.di_fr_short, d.di_fr_long from  pages p, menus m, dictionary d where m.di_name=d.di_name and p.di_name=m.di_name and p.pa_id=33 : 
2018-12-31 12:03:08 : /usr/share/php/puzzle/ipz_menus.php:632 : Array
(
    [di_name] => mkfile
    [pa_filename] => mkfile.php
    [me_charset] => utf8
    [di_fr_short] => Fichier
    [di_fr_long] => Création du fichier
)

2018-12-31 12:03:08 : /usr/share/php/puzzle/ipz_menus.php:133:select m.me_id, p.pa_id from menus m left outer join pages p on m.pa_id = p.pa_id where p.pa_filename = 'bugreport.php' : 
2018-12-31 12:03:56 : /usr/share/php/puzzle/ipz_menus.php:378:select m.pa_id, m.me_level, d.di_fr_short from menus m, dictionary d where m.di_name=d.di_name and m.me_level='1' order by m.me_id : 
2018-12-31 12:03:56 : LG : fr
2018-12-31 12:03:56 : /usr/share/php/puzzle/ipz_menus.php:618:select d.di_name, p.pa_filename, m.me_charset, d.di_fr_short, d.di_fr_long from  pages p, menus m, dictionary d where m.di_name=d.di_name and p.di_name=m.di_name and p.pa_id=32 : 
2018-12-31 12:03:56 : /usr/share/php/puzzle/ipz_menus.php:632 : Array
(
    [di_name] => mkfields
    [pa_filename] => mkfields.php
    [me_charset] => utf8
    [di_fr_short] => Champs
    [di_fr_long] => Champs de la table
)

2018-12-31 12:03:59 : /usr/share/php/puzzle/ipz_menus.php:378:select m.pa_id, m.me_level, d.di_fr_short from menus m, dictionary d where m.di_name=d.di_name and m.me_level='1' order by m.me_id : 
2018-12-31 12:03:59 : LG : fr
2018-12-31 12:03:59 : /usr/share/php/puzzle/ipz_menus.php:618:select d.di_name, p.pa_filename, m.me_charset, d.di_fr_short, d.di_fr_long from  pages p, menus m, dictionary d where m.di_name=d.di_name and p.di_name=m.di_name and p.pa_id=29 : 
2018-12-31 12:03:59 : /usr/share/php/puzzle/ipz_menus.php:632 : Array
(
    [di_name] => mkscript
    [pa_filename] => mkscript.php
    [me_charset] => utf8
    [di_fr_short] => Créer un script
    [di_fr_long] => Créer un script à partir d'une table
)

2018-12-31 12:04:03 : /usr/share/php/puzzle/ipz_menus.php:378:select m.pa_id, m.me_level, d.di_fr_short from menus m, dictionary d where m.di_name=d.di_name and m.me_level='1' order by m.me_id : 
2018-12-31 12:04:03 : LG : fr
2018-12-31 12:04:03 : /usr/share/php/puzzle/ipz_menus.php:618:select d.di_name, p.pa_filename, m.me_charset, d.di_fr_short, d.di_fr_long from  pages p, menus m, dictionary d where m.di_name=d.di_name and p.di_name=m.di_name and p.pa_id=29 : 
2018-12-31 12:04:04 : /usr/share/php/puzzle/ipz_menus.php:632 : Array
(
    [di_name] => mkscript
    [pa_filename] => mkscript.php
    [me_charset] => utf8
    [di_fr_short] => Créer un script
    [di_fr_long] => Créer un script à partir d'une table
)

2018-12-31 12:04:18 : /usr/share/php/puzzle/ipz_menus.php:378:select m.pa_id, m.me_level, d.di_fr_short from menus m, dictionary d where m.di_name=d.di_name and m.me_level='1' order by m.me_id : 
2018-12-31 12:04:18 : LG : fr
2018-12-31 12:04:18 : /usr/share/php/puzzle/ipz_menus.php:618:select d.di_name, p.pa_filename, m.me_charset, d.di_fr_short, d.di_fr_long from  pages p, menus m, dictionary d where m.di_name=d.di_name and p.di_name=m.di_name and p.pa_id=32 : 
2018-12-31 12:04:18 : /usr/share/php/puzzle/ipz_menus.php:632 : Array
(
    [di_name] => mkfields
    [pa_filename] => mkfields.php
    [me_charset] => utf8
    [di_fr_short] => Champs
    [di_fr_long] => Champs de la table
)

2018-12-31 12:04:32 : /usr/share/php/puzzle/ipz_menus.php:378:select m.pa_id, m.me_level, d.di_fr_short from menus m, dictionary d where m.di_name=d.di_name and m.me_level='1' order by m.me_id : 
2018-12-31 12:04:32 : LG : fr
2018-12-31 12:04:32 : /usr/share/php/puzzle/ipz_menus.php:618:select d.di_name, p.pa_filename, m.me_charset, d.di_fr_short, d.di_fr_long from  pages p, menus m, dictionary d where m.di_name=d.di_name and p.di_name=m.di_name and p.pa_id=33 : 
2018-12-31 12:04:32 : /usr/share/php/puzzle/ipz_menus.php:632 : Array
(
    [di_name] => mkfile
    [pa_filename] => mkfile.php
    [me_charset] => utf8
    [di_fr_short] => Fichier
    [di_fr_long] => Création du fichier
)

2018-12-31 12:04:32 : /usr/share/php/puzzle/ipz_menus.php:133:select m.me_id, p.pa_id from menus m left outer join pages p on m.pa_id = p.pa_id where p.pa_filename = 'images.php' : 
2018-12-31 12:04:36 : /usr/share/php/puzzle/ipz_menus.php:378:select m.pa_id, m.me_level, d.di_fr_short from menus m, dictionary d where m.di_name=d.di_name and m.me_level='1' order by m.me_id : 
2018-12-31 12:04:36 : LG : fr
2018-12-31 12:04:36 : /usr/share/php/puzzle/ipz_menus.php:618:select d.di_name, p.pa_filename, m.me_charset, d.di_fr_short, d.di_fr_long from  pages p, menus m, dictionary d where m.di_name=d.di_name and p.di_name=m.di_name and p.pa_id=33 : 
2018-12-31 12:04:36 : /usr/share/php/puzzle/ipz_menus.php:632 : Array
(
    [di_name] => mkfile
    [pa_filename] => mkfile.php
    [me_charset] => utf8
    [di_fr_short] => Fichier
    [di_fr_long] => Création du fichier
)

2018-12-31 12:04:44 : /usr/share/php/puzzle/ipz_menus.php:378:select m.pa_id, m.me_level, d.di_fr_short from menus m, dictionary d where m.di_name=d.di_name and m.me_level='1' order by m.me_id : 
2018-12-31 12:04:44 : LG : fr
2018-12-31 12:04:44 : /usr/share/php/puzzle/ipz_menus.php:618:select d.di_name, p.pa_filename, m.me_charset, d.di_fr_short, d.di_fr_long from  pages p, menus m, dictionary d where m.di_name=d.di_name and p.di_name=m.di_name and p.pa_id=17 : 
2018-12-31 12:04:44 : /usr/share/php/puzzle/ipz_menus.php:632 : Array
(
    [di_name] => home
    [pa_filename] => mkmain.php
    [me_charset] => utf8
    [di_fr_short] => Accueil
    [di_fr_long] => Page d'accueil
)

2018-12-31 12:04:46 : /usr/share/php/puzzle/ipz_menus.php:107:select pa_id from pages where pa_filename = 'mkmain.php' : 
2018-12-31 12:04:46 : LG : fr
2018-12-31 12:04:48 : /usr/share/php/puzzle/ipz_menus.php:378:select m.pa_id, m.me_level, d.di_fr_short from menus m, dictionary d where m.di_name=d.di_name and m.me_level='1' order by m.me_id : 
2018-12-31 12:04:48 : LG : fr
2018-12-31 12:04:48 : /usr/share/php/puzzle/ipz_menus.php:618:select d.di_name, p.pa_filename, m.me_charset, d.di_fr_short, d.di_fr_long from  pages p, menus m, dictionary d where m.di_name=d.di_name and p.di_name=m.di_name and p.pa_id=17 : 
2018-12-31 12:04:48 : /usr/share/php/puzzle/ipz_menus.php:632 : Array
(
    [di_name] => home
    [pa_filename] => mkmain.php
    [me_charset] => utf8
    [di_fr_short] => Accueil
    [di_fr_long] => Page d'accueil
)

2018-12-31 12:04:49 : /usr/share/php/puzzle/ipz_menus.php:378:select m.pa_id, m.me_level, d.di_fr_short from menus m, dictionary d where m.di_name=d.di_name and m.me_level='1' order by m.me_id : 
2018-12-31 12:04:49 : LG : fr
2018-12-31 12:04:49 : /usr/share/php/puzzle/ipz_menus.php:618:select d.di_name, p.pa_filename, m.me_charset, d.di_fr_short, d.di_fr_long from  pages p, menus m, dictionary d where m.di_name=d.di_name and p.di_name=m.di_name and p.pa_id=58 : 
2018-12-31 12:04:49 : /usr/share/php/puzzle/ipz_menus.php:632 : Array
(
    [di_name] => images
    [pa_filename] => images.php
    [me_charset] => utf8
    [di_fr_short] => Images
    [di_fr_long] => Liste des images
)

2018-12-31 12:04:52 : /usr/share/php/puzzle/ipz_menus.php:378:select m.pa_id, m.me_level, d.di_fr_short from menus m, dictionary d where m.di_name=d.di_name and m.me_level='1' order by m.me_id : 
2018-12-31 12:04:52 : LG : fr
2018-12-31 12:04:52 : /usr/share/php/puzzle/ipz_menus.php:618:select d.di_name, p.pa_filename, m.me_charset, d.di_fr_short, d.di_fr_long from  pages p, menus m, dictionary d where m.di_name=d.di_name and p.di_name=m.di_name and p.pa_id=58 : 
2018-12-31 12:04:52 : /usr/share/php/puzzle/ipz_menus.php:632 : Array
(
    [di_name] => images
    [pa_filename] => images.php
    [me_charset] => utf8
    [di_fr_short] => Images
    [di_fr_long] => Liste des images
)

2018-12-31 12:05:08 : /usr/share/php/puzzle/ipz_menus.php:107:select pa_id from pages where pa_filename = 'mkmain.php' : 
2018-12-31 12:05:08 : LG : fr
2018-12-31 12:05:10 : /usr/share/php/puzzle/ipz_menus.php:378:select m.pa_id, m.me_level, d.di_fr_short from menus m, dictionary d where m.di_name=d.di_name and m.me_level='1' order by m.me_id : 
2018-12-31 12:05:10 : LG : fr
2018-12-31 12:05:10 : /usr/share/php/puzzle/ipz_menus.php:618:select d.di_name, p.pa_filename, m.me_charset, d.di_fr_short, d.di_fr_long from  pages p, menus m, dictionary d where m.di_name=d.di_name and p.di_name=m.di_name and p.pa_id=17 : 
2018-12-31 12:05:10 : /usr/share/php/puzzle/ipz_menus.php:632 : Array
(
    [di_name] => home
    [pa_filename] => mkmain.php
    [me_charset] => utf8
    [di_fr_short] => Accueil
    [di_fr_long] => Page d'accueil
)

